Using profile ../snakemake-profile/ for setting default command line arguments.
Support for alternative conda frontends has been deprecated in favor of simpler support and code base. This should not cause issues since current conda releases rely on fast solving via libmamba. Ignoring the alternative conda frontend setting (mamba).
host: bose.hpc.uwec.edu
Building DAG of jobs...
Creating conda environment envs/count.yaml...
Downloading and installing remote packages.
Environment for /data/users/corwinbm5021/Sm_Mira_IvT/pipeline_star/envs/count.yaml created (location: .snakemake/conda/310104cc6b9d197cc2fecd599a47b993_)
Creating conda environment envs/r.yaml...
Downloading and installing remote packages.
Environment for /data/users/corwinbm5021/Sm_Mira_IvT/pipeline_star/envs/r.yaml created (location: .snakemake/conda/c53c2246db8cd6f1641fe7a0df7c3b64_)
Creating conda environment envs/qualimap.yaml...
Downloading and installing remote packages.
Environment for /data/users/corwinbm5021/Sm_Mira_IvT/pipeline_star/envs/qualimap.yaml created (location: .snakemake/conda/f594a3ad6684c5519b5b9f9c4228f646_)
Creating conda environment envs/multiqc.yaml...
Downloading and installing remote packages.
Environment for /data/users/corwinbm5021/Sm_Mira_IvT/pipeline_star/envs/multiqc.yaml created (location: .snakemake/conda/f3d94b299149bafad7875a7863cf35b4_)
Creating conda environment envs/samtools.yaml...
Downloading and installing remote packages.
Environment for /data/users/corwinbm5021/Sm_Mira_IvT/pipeline_star/envs/samtools.yaml created (location: .snakemake/conda/d692cf8765745f040ff7a64551f9594c_)
Creating conda environment envs/picard.yaml...
Downloading and installing remote packages.
Environment for /data/users/corwinbm5021/Sm_Mira_IvT/pipeline_star/envs/picard.yaml created (location: .snakemake/conda/203f976e0bd5658436d01c5148fafad6_)
Using shell: /usr/bin/bash
Provided remote nodes: 500
Job stats:
job                count
---------------  -------
all                    1
count                  1
diffexp                1
flagstat               1
mark_duplicates        1
qualimap               1
report                 1
total                  7

Select jobs to execute...
Execute 1 jobs...

[Thu Dec 19 00:33:02 2024]
rule flagstat:
    input: alignment/star/second-pass.final.out, alignment/star/Aligned.sortedByCoord.out.bam
    output: star_checkers/flagstat_completed.done
    jobid: 2
    reason: Missing output files: star_checkers/flagstat_completed.done
    threads: 32
    resources: mem_mb=64000, mem_mib=61036, disk_mb=260346, disk_mib=248286, tmpdir=<TBD>, partition=week


        samtools flagstat -@ 32 alignment/star/Aligned.sortedByCoord.out.bam
        
Submitted job 2 with external jobid '113109'.
Touching output file star_checkers/flagstat_completed.done.
[Thu Dec 19 00:40:02 2024]
Finished job 2.
1 of 7 steps (14%) done
Select jobs to execute...
Execute 2 jobs...

[Thu Dec 19 00:40:02 2024]
rule mark_duplicates:
    input: star_checkers/flagstat_completed.done, alignment/star/Aligned.sortedByCoord.out.bam
    output: star_counting/dedup/star.bam, star_counting/logs/star_duplicates
    jobid: 5
    reason: Missing output files: star_counting/dedup/star.bam; Input files updated by another job: star_checkers/flagstat_completed.done
    resources: mem_mb=64000, mem_mib=61036, disk_mb=260346, disk_mib=248286, tmpdir=<TBD>, partition=week


        picard MarkDuplicates -I alignment/star/Aligned.sortedByCoord.out.bam -M star_counting/logs/star_duplicates -O star_counting/dedup/star.bam -Xmx100g --VALIDATION_STRINGENCY SILENT
        
Submitted job 5 with external jobid '113111'.

[Thu Dec 19 00:40:02 2024]
rule qualimap:
    input: genome/annotations.gtf, alignment/star/Aligned.sortedByCoord.out.bam, star_checkers/flagstat_completed.done
    output: star_qualimap/star/bam, star_qualimap/star/rnaseq, star_qualimap
    jobid: 3
    reason: Missing output files: star_qualimap; Input files updated by another job: star_checkers/flagstat_completed.done
    threads: 32
    resources: mem_mb=64000, mem_mib=61036, disk_mb=260480, disk_mib=248414, tmpdir=<TBD>, partition=week


        qualimap bamqc -nt 32 -outdir star_qualimap/star/bam -bam alignment/star/Aligned.sortedByCoord.out.bam --feature-file genome/annotations.gtf
        qualimap rnaseq -outdir star_qualimap/star/rnaseq -bam alignment/star/Aligned.sortedByCoord.out.bam -gtf genome/annotations.gtf
        
Submitted job 3 with external jobid '113112'.
[Thu Dec 19 01:08:40 2024]
Error in rule qualimap:
    message: For further error details see the cluster/cloud log and the log files of the involved rule(s).
    jobid: 3
    input: genome/annotations.gtf, alignment/star/Aligned.sortedByCoord.out.bam, star_checkers/flagstat_completed.done
    output: star_qualimap/star/bam, star_qualimap/star/rnaseq, star_qualimap
    conda-env: /data/users/corwinbm5021/Sm_Mira_IvT/pipeline_star/.snakemake/conda/f594a3ad6684c5519b5b9f9c4228f646_
    shell:
        
        qualimap bamqc -nt 32 -outdir star_qualimap/star/bam -bam alignment/star/Aligned.sortedByCoord.out.bam --feature-file genome/annotations.gtf
        qualimap rnaseq -outdir star_qualimap/star/rnaseq -bam alignment/star/Aligned.sortedByCoord.out.bam -gtf genome/annotations.gtf
        
        (one of the commands exited with non-zero exit code; note that snakemake uses bash strict mode!)
    external_jobid: 113112

Trying to restart job 3.
Select jobs to execute...
Execute 1 jobs...

[Thu Dec 19 01:08:40 2024]
rule qualimap:
    input: genome/annotations.gtf, alignment/star/Aligned.sortedByCoord.out.bam, star_checkers/flagstat_completed.done
    output: star_qualimap/star/bam, star_qualimap/star/rnaseq, star_qualimap
    jobid: 3
    reason: Missing output files: star_qualimap; Input files updated by another job: star_checkers/flagstat_completed.done
    threads: 32
    resources: mem_mb=64000, mem_mib=61036, disk_mb=260480, disk_mib=248414, tmpdir=<TBD>, partition=week


        qualimap bamqc -nt 32 -outdir star_qualimap/star/bam -bam alignment/star/Aligned.sortedByCoord.out.bam --feature-file genome/annotations.gtf
        qualimap rnaseq -outdir star_qualimap/star/rnaseq -bam alignment/star/Aligned.sortedByCoord.out.bam -gtf genome/annotations.gtf
        
Submitted job 3 with external jobid '113113'.
[Thu Dec 19 01:35:06 2024]
Error in rule qualimap:
    message: For further error details see the cluster/cloud log and the log files of the involved rule(s).
    jobid: 3
    input: genome/annotations.gtf, alignment/star/Aligned.sortedByCoord.out.bam, star_checkers/flagstat_completed.done
    output: star_qualimap/star/bam, star_qualimap/star/rnaseq, star_qualimap
    conda-env: /data/users/corwinbm5021/Sm_Mira_IvT/pipeline_star/.snakemake/conda/f594a3ad6684c5519b5b9f9c4228f646_
    shell:
        
        qualimap bamqc -nt 32 -outdir star_qualimap/star/bam -bam alignment/star/Aligned.sortedByCoord.out.bam --feature-file genome/annotations.gtf
        qualimap rnaseq -outdir star_qualimap/star/rnaseq -bam alignment/star/Aligned.sortedByCoord.out.bam -gtf genome/annotations.gtf
        
        (one of the commands exited with non-zero exit code; note that snakemake uses bash strict mode!)
    external_jobid: 113113

Trying to restart job 3.
Select jobs to execute...
Execute 1 jobs...

[Thu Dec 19 01:35:06 2024]
rule qualimap:
    input: genome/annotations.gtf, alignment/star/Aligned.sortedByCoord.out.bam, star_checkers/flagstat_completed.done
    output: star_qualimap/star/bam, star_qualimap/star/rnaseq, star_qualimap
    jobid: 3
    reason: Missing output files: star_qualimap; Input files updated by another job: star_checkers/flagstat_completed.done
    threads: 32
    resources: mem_mb=64000, mem_mib=61036, disk_mb=260480, disk_mib=248414, tmpdir=<TBD>, partition=week


        qualimap bamqc -nt 32 -outdir star_qualimap/star/bam -bam alignment/star/Aligned.sortedByCoord.out.bam --feature-file genome/annotations.gtf
        qualimap rnaseq -outdir star_qualimap/star/rnaseq -bam alignment/star/Aligned.sortedByCoord.out.bam -gtf genome/annotations.gtf
        
Submitted job 3 with external jobid '113114'.
[Thu Dec 19 02:03:43 2024]
Error in rule qualimap:
    message: For further error details see the cluster/cloud log and the log files of the involved rule(s).
    jobid: 3
    input: genome/annotations.gtf, alignment/star/Aligned.sortedByCoord.out.bam, star_checkers/flagstat_completed.done
    output: star_qualimap/star/bam, star_qualimap/star/rnaseq, star_qualimap
    conda-env: /data/users/corwinbm5021/Sm_Mira_IvT/pipeline_star/.snakemake/conda/f594a3ad6684c5519b5b9f9c4228f646_
    shell:
        
        qualimap bamqc -nt 32 -outdir star_qualimap/star/bam -bam alignment/star/Aligned.sortedByCoord.out.bam --feature-file genome/annotations.gtf
        qualimap rnaseq -outdir star_qualimap/star/rnaseq -bam alignment/star/Aligned.sortedByCoord.out.bam -gtf genome/annotations.gtf
        
        (one of the commands exited with non-zero exit code; note that snakemake uses bash strict mode!)
    external_jobid: 113114

Trying to restart job 3.
Select jobs to execute...
Execute 1 jobs...

[Thu Dec 19 02:03:43 2024]
rule qualimap:
    input: genome/annotations.gtf, alignment/star/Aligned.sortedByCoord.out.bam, star_checkers/flagstat_completed.done
    output: star_qualimap/star/bam, star_qualimap/star/rnaseq, star_qualimap
    jobid: 3
    reason: Missing output files: star_qualimap; Input files updated by another job: star_checkers/flagstat_completed.done
    threads: 32
    resources: mem_mb=64000, mem_mib=61036, disk_mb=260480, disk_mib=248414, tmpdir=<TBD>, partition=week


        qualimap bamqc -nt 32 -outdir star_qualimap/star/bam -bam alignment/star/Aligned.sortedByCoord.out.bam --feature-file genome/annotations.gtf
        qualimap rnaseq -outdir star_qualimap/star/rnaseq -bam alignment/star/Aligned.sortedByCoord.out.bam -gtf genome/annotations.gtf
        
Submitted job 3 with external jobid '113115'.
[Thu Dec 19 02:31:15 2024]
Error in rule qualimap:
    message: For further error details see the cluster/cloud log and the log files of the involved rule(s).
    jobid: 3
    input: genome/annotations.gtf, alignment/star/Aligned.sortedByCoord.out.bam, star_checkers/flagstat_completed.done
    output: star_qualimap/star/bam, star_qualimap/star/rnaseq, star_qualimap
    conda-env: /data/users/corwinbm5021/Sm_Mira_IvT/pipeline_star/.snakemake/conda/f594a3ad6684c5519b5b9f9c4228f646_
    shell:
        
        qualimap bamqc -nt 32 -outdir star_qualimap/star/bam -bam alignment/star/Aligned.sortedByCoord.out.bam --feature-file genome/annotations.gtf
        qualimap rnaseq -outdir star_qualimap/star/rnaseq -bam alignment/star/Aligned.sortedByCoord.out.bam -gtf genome/annotations.gtf
        
        (one of the commands exited with non-zero exit code; note that snakemake uses bash strict mode!)
    external_jobid: 113115

[Thu Dec 19 07:08:30 2024]
Finished job 5.
2 of 7 steps (29%) done
Select jobs to execute...
Execute 1 jobs...

[Thu Dec 19 07:08:30 2024]
rule count:
    input: genome/annotations.gtf, star_counting/dedup/star.bam
    output: star_counting/counts/star_counts.tsv
    jobid: 4
    reason: Missing output files: star_counting/counts/star_counts.tsv; Input files updated by another job: star_counting/dedup/star.bam
    threads: 32
    resources: mem_mb=64000, mem_mib=61036, disk_mb=265237, disk_mib=252950, tmpdir=<TBD>, partition=week


        featureCounts -T 32         star_counting/dedup/star.bam         -T 32         -p         --byReadGroup         -s 1         --ignoreDup         -M         --fraction         -a genome/annotations.gtf         -o star_counting/counts/star_counts.tsv         --verbose
        
Submitted job 4 with external jobid '113116'.
[Thu Dec 19 07:11:40 2024]
Finished job 4.
3 of 7 steps (43%) done
Select jobs to execute...
Execute 1 jobs...

[Thu Dec 19 07:11:40 2024]
rule diffexp:
    input: star_counting/counts/star_counts.tsv, diffexp_star.R
    output: star_count_matrices, star_plots
    jobid: 6
    reason: Missing output files: star_plots, star_count_matrices; Input files updated by another job: star_counting/counts/star_counts.tsv
    resources: mem_mb=64000, mem_mib=61036, disk_mb=1000, disk_mib=954, tmpdir=<TBD>, partition=week

RuleException in rule diffexp in file /data/users/corwinbm5021/Sm_Mira_IvT/pipeline_star/Snakefile_star, line 343:
AttributeError: 'OutputFiles' object has no attribute 'matrices', when formatting the following:

        mkdir -p {output.matrices}
        mkdir -p {output.plots}
        Rscript {input.R_script}
        
Using profile ../snakemake-profile/ for setting default command line arguments.
Support for alternative conda frontends has been deprecated in favor of simpler support and code base. This should not cause issues since current conda releases rely on fast solving via libmamba. Ignoring the alternative conda frontend setting (mamba).
host: bose.hpc.uwec.edu
Building DAG of jobs...
Using shell: /usr/bin/bash
Provided remote nodes: 500
Job stats:
job         count
--------  -------
all             1
diffexp         1
qualimap        1
report          1
total           4

Select jobs to execute...
Execute 2 jobs...

[Thu Dec 19 11:54:26 2024]
rule diffexp:
    input: star_counting/counts/star_counts.tsv, diffexp_star.R
    output: star_count_matrices, star_plots
    jobid: 6
    reason: Missing output files: star_plots, star_count_matrices
    resources: mem_mb=64000, mem_mib=61036, disk_mb=1000, disk_mib=954, tmpdir=<TBD>, partition=week


        mkdir -p star_count_matrices
        mkdir -p star_plots
        Rscript diffexp_star.R
        
Submitted job 6 with external jobid '113128'.

[Thu Dec 19 11:54:26 2024]
rule qualimap:
    input: genome/annotations.gtf, alignment/star/Aligned.sortedByCoord.out.bam, star_checkers/flagstat_completed.done
    output: star_qualimap/star/bam, star_qualimap/star/rnaseq, star_qualimap
    jobid: 3
    reason: Missing output files: star_qualimap
    threads: 32
    resources: mem_mb=64000, mem_mib=61036, disk_mb=260480, disk_mib=248414, tmpdir=<TBD>, partition=week


        qualimap bamqc -nt 32 -outdir star_qualimap/star/bam -bam alignment/star/Aligned.sortedByCoord.out.bam --java-mem-size=50g --feature-file genome/annotations.gtf
        qualimap rnaseq -outdir star_qualimap/star/rnaseq -bam alignment/star/Aligned.sortedByCoord.out.bam --java-mem-size=50g -gtf genome/annotations.gtf
        
Submitted job 3 with external jobid '113129'.
Waiting at most 60 seconds for missing files.
[Thu Dec 19 11:55:28 2024]
Finished job 6.
1 of 4 steps (25%) done
[Thu Dec 19 13:50:05 2024]
Finished job 3.
2 of 4 steps (50%) done
Select jobs to execute...
Execute 1 jobs...

[Thu Dec 19 13:50:06 2024]
rule report:
    input: fastq/qc/Int-01_S42_L005_R1_001_fastqc.html, fastq/qc/Int-02_S43_L005_R1_001_fastqc.html, fastq/qc/Int-03_S44_L005_R1_001_fastqc.html, fastq/qc/Int-04_S45_L005_R1_001_fastqc.html, fastq/qc/Liv-01_S38_L005_R1_001_fastqc.html, fastq/qc/Liv-02_S39_L005_R1_001_fastqc.html, fastq/qc/Liv-03_S40_L005_R1_001_fastqc.html, fastq/qc/Liv-04_S41_L005_R1_001_fastqc.html, trimmed/qc/Int-01_S42_L005_R1_001_fastqc.html, trimmed/qc/Int-02_S43_L005_R1_001_fastqc.html, trimmed/qc/Int-03_S44_L005_R1_001_fastqc.html, trimmed/qc/Int-04_S45_L005_R1_001_fastqc.html, trimmed/qc/Liv-01_S38_L005_R1_001_fastqc.html, trimmed/qc/Liv-02_S39_L005_R1_001_fastqc.html, trimmed/qc/Liv-03_S40_L005_R1_001_fastqc.html, trimmed/qc/Liv-04_S41_L005_R1_001_fastqc.html, fastq/qc/Int-01_S42_L005_R2_001_fastqc.html, fastq/qc/Int-02_S43_L005_R2_001_fastqc.html, fastq/qc/Int-03_S44_L005_R2_001_fastqc.html, fastq/qc/Int-04_S45_L005_R2_001_fastqc.html, fastq/qc/Liv-01_S38_L005_R2_001_fastqc.html, fastq/qc/Liv-02_S39_L005_R2_001_fastqc.html, fastq/qc/Liv-03_S40_L005_R2_001_fastqc.html, fastq/qc/Liv-04_S41_L005_R2_001_fastqc.html, trimmed/qc/Int-01_S42_L005_R2_001_fastqc.html, trimmed/qc/Int-02_S43_L005_R2_001_fastqc.html, trimmed/qc/Int-03_S44_L005_R2_001_fastqc.html, trimmed/qc/Int-04_S45_L005_R2_001_fastqc.html, trimmed/qc/Liv-01_S38_L005_R2_001_fastqc.html, trimmed/qc/Liv-02_S39_L005_R2_001_fastqc.html, trimmed/qc/Liv-03_S40_L005_R2_001_fastqc.html, trimmed/qc/Liv-04_S41_L005_R2_001_fastqc.html, alignment/star/second-pass.final.out, star_checkers/flagstat_completed.done, star_qualimap, star_counting/counts/star_counts.tsv
    output: star_reports/multiqc_report.html
    jobid: 1
    reason: Missing output files: star_reports/multiqc_report.html; Input files updated by another job: star_qualimap
    resources: mem_mb=64000, mem_mib=61036, disk_mb=1000, disk_mib=954, tmpdir=<TBD>, partition=week

multiqc --force -d fastq/qc trimmed/qc alignment/star/ star_qualimap star_counting/counts/ -n star_reports/multiqc_report.html
Submitted job 1 with external jobid '113177'.
[Thu Dec 19 13:51:21 2024]
Finished job 1.
3 of 4 steps (75%) done
Select jobs to execute...
Execute 1 jobs...

[Thu Dec 19 13:51:21 2024]
localrule all:
    input: star_reports/multiqc_report.html, star_count_matrices, star_plots
    jobid: 0
    reason: Input files updated by another job: star_reports/multiqc_report.html, star_plots, star_count_matrices
    resources: mem_mb=64000, mem_mib=61036, disk_mb=1000, disk_mib=954, tmpdir=/tmp, partition=week

[Thu Dec 19 13:51:21 2024]
Finished job 0.
4 of 4 steps (100%) done
Complete log: .snakemake/log/2024-12-19T115423.590483.snakemake.log
