Using profile ../snakemake-profile/ for setting default command line arguments.
Support for alternative conda frontends has been deprecated in favor of simpler support and code base. This should not cause issues since current conda releases rely on fast solving via libmamba. Ignoring the alternative conda frontend setting (mamba).
host: bose.hpc.uwec.edu
Building DAG of jobs...
Using shell: /usr/bin/bash
Provided remote nodes: 500
Job stats:
job                  count
-----------------  -------
all                      1
convert_hisat            8
count                    1
diffexp                  1
fastq_qc                 8
fetch_genome             1
flagstat                 1
hisat_align              8
hisat_index              1
mark_duplicates          1
merge_hisat              1
qualimap                 1
report                   1
star_align_first         1
star_align_second        1
star_sa                  1
trim_filter              8
trim_qc                  8
total                   53

Select jobs to execute...
Execute 10 jobs...

[Sat Dec 14 14:11:51 2024]
rule trim_filter:
    input: /data/classes/2024/fall/biol343/course_files/20240923_LH00283_0144_B22NMVKLT3/subsample/Liv-03_S40_L005_R1_001.fastq.gz, /data/classes/2024/fall/biol343/course_files/20240923_LH00283_0144_B22NMVKLT3/subsample/Liv-03_S40_L005_R2_001.fastq.gz
    output: trimmed_reduced/Liv-03_S40_L005_R1_001.fastq.gz, trimmed_reduced/Liv-03_S40_L005_R2_001.fastq.gz
    jobid: 23
    reason: Missing output files: trimmed_reduced/Liv-03_S40_L005_R1_001.fastq.gz, trimmed_reduced/Liv-03_S40_L005_R2_001.fastq.gz
    wildcards: sample=Liv-03_S40_L005
    threads: 32
    resources: mem_mb=64000, mem_mib=61036, disk_mb=5040, disk_mib=4807, tmpdir=<TBD>, partition=week

cutadapt -j 32 -m 20 -a AGATCGGAAGAGCACACGTCTGAACTCCAGTCA -A AGATCGGAAGAGCGTCGTGTAGGGAAAGAGTGT --nextseq-trim=10 -u 10 -U 10 -o trimmed_reduced/Liv-03_S40_L005_R1_001.fastq.gz -p trimmed_reduced/Liv-03_S40_L005_R2_001.fastq.gz /data/classes/2024/fall/biol343/course_files/20240923_LH00283_0144_B22NMVKLT3/subsample/Liv-03_S40_L005_R1_001.fastq.gz /data/classes/2024/fall/biol343/course_files/20240923_LH00283_0144_B22NMVKLT3/subsample/Liv-03_S40_L005_R2_001.fastq.gz
Submitted job 23 with external jobid '112432'.

[Sat Dec 14 14:11:51 2024]
rule fastq_qc:
    input: /data/classes/2024/fall/biol343/course_files/20240923_LH00283_0144_B22NMVKLT3/subsample/Liv-01_S38_L005_R1_001.fastq.gz, /data/classes/2024/fall/biol343/course_files/20240923_LH00283_0144_B22NMVKLT3/subsample/Liv-01_S38_L005_R2_001.fastq.gz
    output: fastq_reduced/qc/Liv-01_S38_L005_R1_001_fastqc.html, fastq_reduced/qc/Liv-01_S38_L005_R1_001_fastqc.zip, fastq_reduced/qc/Liv-01_S38_L005_R2_001_fastqc.html, fastq_reduced/qc/Liv-01_S38_L005_R2_001_fastqc.zip
    jobid: 6
    reason: Missing output files: fastq_reduced/qc/Liv-01_S38_L005_R2_001_fastqc.html, fastq_reduced/qc/Liv-01_S38_L005_R1_001_fastqc.html
    wildcards: sample=Liv-01_S38_L005
    threads: 32
    resources: mem_mb=64000, mem_mib=61036, disk_mb=4846, disk_mib=4622, tmpdir=<TBD>, partition=week

fastqc -t 32 /data/classes/2024/fall/biol343/course_files/20240923_LH00283_0144_B22NMVKLT3/subsample/Liv-01_S38_L005_R1_001.fastq.gz /data/classes/2024/fall/biol343/course_files/20240923_LH00283_0144_B22NMVKLT3/subsample/Liv-01_S38_L005_R2_001.fastq.gz -o fastq_reduced/qc
Submitted job 6 with external jobid '112433'.

[Sat Dec 14 14:11:51 2024]
rule trim_filter:
    input: /data/classes/2024/fall/biol343/course_files/20240923_LH00283_0144_B22NMVKLT3/subsample/Liv-01_S38_L005_R1_001.fastq.gz, /data/classes/2024/fall/biol343/course_files/20240923_LH00283_0144_B22NMVKLT3/subsample/Liv-01_S38_L005_R2_001.fastq.gz
    output: trimmed_reduced/Liv-01_S38_L005_R1_001.fastq.gz, trimmed_reduced/Liv-01_S38_L005_R2_001.fastq.gz
    jobid: 19
    reason: Missing output files: trimmed_reduced/Liv-01_S38_L005_R2_001.fastq.gz, trimmed_reduced/Liv-01_S38_L005_R1_001.fastq.gz
    wildcards: sample=Liv-01_S38_L005
    threads: 32
    resources: mem_mb=64000, mem_mib=61036, disk_mb=4846, disk_mib=4622, tmpdir=<TBD>, partition=week

cutadapt -j 32 -m 20 -a AGATCGGAAGAGCACACGTCTGAACTCCAGTCA -A AGATCGGAAGAGCGTCGTGTAGGGAAAGAGTGT --nextseq-trim=10 -u 10 -U 10 -o trimmed_reduced/Liv-01_S38_L005_R1_001.fastq.gz -p trimmed_reduced/Liv-01_S38_L005_R2_001.fastq.gz /data/classes/2024/fall/biol343/course_files/20240923_LH00283_0144_B22NMVKLT3/subsample/Liv-01_S38_L005_R1_001.fastq.gz /data/classes/2024/fall/biol343/course_files/20240923_LH00283_0144_B22NMVKLT3/subsample/Liv-01_S38_L005_R2_001.fastq.gz
Submitted job 19 with external jobid '112434'.

[Sat Dec 14 14:11:51 2024]
rule fastq_qc:
    input: /data/classes/2024/fall/biol343/course_files/20240923_LH00283_0144_B22NMVKLT3/subsample/Int-04_S45_L005_R1_001.fastq.gz, /data/classes/2024/fall/biol343/course_files/20240923_LH00283_0144_B22NMVKLT3/subsample/Int-04_S45_L005_R2_001.fastq.gz
    output: fastq_reduced/qc/Int-04_S45_L005_R1_001_fastqc.html, fastq_reduced/qc/Int-04_S45_L005_R1_001_fastqc.zip, fastq_reduced/qc/Int-04_S45_L005_R2_001_fastqc.html, fastq_reduced/qc/Int-04_S45_L005_R2_001_fastqc.zip
    jobid: 5
    reason: Missing output files: fastq_reduced/qc/Int-04_S45_L005_R1_001_fastqc.html, fastq_reduced/qc/Int-04_S45_L005_R2_001_fastqc.html
    wildcards: sample=Int-04_S45_L005
    threads: 32
    resources: mem_mb=64000, mem_mib=61036, disk_mb=4365, disk_mib=4163, tmpdir=<TBD>, partition=week

fastqc -t 32 /data/classes/2024/fall/biol343/course_files/20240923_LH00283_0144_B22NMVKLT3/subsample/Int-04_S45_L005_R1_001.fastq.gz /data/classes/2024/fall/biol343/course_files/20240923_LH00283_0144_B22NMVKLT3/subsample/Int-04_S45_L005_R2_001.fastq.gz -o fastq_reduced/qc
Submitted job 5 with external jobid '112435'.

[Sat Dec 14 14:11:51 2024]
rule fastq_qc:
    input: /data/classes/2024/fall/biol343/course_files/20240923_LH00283_0144_B22NMVKLT3/subsample/Int-03_S44_L005_R1_001.fastq.gz, /data/classes/2024/fall/biol343/course_files/20240923_LH00283_0144_B22NMVKLT3/subsample/Int-03_S44_L005_R2_001.fastq.gz
    output: fastq_reduced/qc/Int-03_S44_L005_R1_001_fastqc.html, fastq_reduced/qc/Int-03_S44_L005_R1_001_fastqc.zip, fastq_reduced/qc/Int-03_S44_L005_R2_001_fastqc.html, fastq_reduced/qc/Int-03_S44_L005_R2_001_fastqc.zip
    jobid: 4
    reason: Missing output files: fastq_reduced/qc/Int-03_S44_L005_R1_001_fastqc.html, fastq_reduced/qc/Int-03_S44_L005_R2_001_fastqc.html
    wildcards: sample=Int-03_S44_L005
    threads: 32
    resources: mem_mb=64000, mem_mib=61036, disk_mb=3304, disk_mib=3151, tmpdir=<TBD>, partition=week

fastqc -t 32 /data/classes/2024/fall/biol343/course_files/20240923_LH00283_0144_B22NMVKLT3/subsample/Int-03_S44_L005_R1_001.fastq.gz /data/classes/2024/fall/biol343/course_files/20240923_LH00283_0144_B22NMVKLT3/subsample/Int-03_S44_L005_R2_001.fastq.gz -o fastq_reduced/qc
Submitted job 4 with external jobid '112436'.

[Sat Dec 14 14:11:51 2024]
rule fastq_qc:
    input: /data/classes/2024/fall/biol343/course_files/20240923_LH00283_0144_B22NMVKLT3/subsample/Int-02_S43_L005_R1_001.fastq.gz, /data/classes/2024/fall/biol343/course_files/20240923_LH00283_0144_B22NMVKLT3/subsample/Int-02_S43_L005_R2_001.fastq.gz
    output: fastq_reduced/qc/Int-02_S43_L005_R1_001_fastqc.html, fastq_reduced/qc/Int-02_S43_L005_R1_001_fastqc.zip, fastq_reduced/qc/Int-02_S43_L005_R2_001_fastqc.html, fastq_reduced/qc/Int-02_S43_L005_R2_001_fastqc.zip
    jobid: 3
    reason: Missing output files: fastq_reduced/qc/Int-02_S43_L005_R1_001_fastqc.html, fastq_reduced/qc/Int-02_S43_L005_R2_001_fastqc.html
    wildcards: sample=Int-02_S43_L005
    threads: 32
    resources: mem_mb=64000, mem_mib=61036, disk_mb=3747, disk_mib=3574, tmpdir=<TBD>, partition=week

fastqc -t 32 /data/classes/2024/fall/biol343/course_files/20240923_LH00283_0144_B22NMVKLT3/subsample/Int-02_S43_L005_R1_001.fastq.gz /data/classes/2024/fall/biol343/course_files/20240923_LH00283_0144_B22NMVKLT3/subsample/Int-02_S43_L005_R2_001.fastq.gz -o fastq_reduced/qc
Submitted job 3 with external jobid '112437'.

[Sat Dec 14 14:11:51 2024]
rule trim_filter:
    input: /data/classes/2024/fall/biol343/course_files/20240923_LH00283_0144_B22NMVKLT3/subsample/Int-04_S45_L005_R1_001.fastq.gz, /data/classes/2024/fall/biol343/course_files/20240923_LH00283_0144_B22NMVKLT3/subsample/Int-04_S45_L005_R2_001.fastq.gz
    output: trimmed_reduced/Int-04_S45_L005_R1_001.fastq.gz, trimmed_reduced/Int-04_S45_L005_R2_001.fastq.gz
    jobid: 17
    reason: Missing output files: trimmed_reduced/Int-04_S45_L005_R1_001.fastq.gz, trimmed_reduced/Int-04_S45_L005_R2_001.fastq.gz
    wildcards: sample=Int-04_S45_L005
    threads: 32
    resources: mem_mb=64000, mem_mib=61036, disk_mb=4365, disk_mib=4163, tmpdir=<TBD>, partition=week

cutadapt -j 32 -m 20 -a AGATCGGAAGAGCACACGTCTGAACTCCAGTCA -A AGATCGGAAGAGCGTCGTGTAGGGAAAGAGTGT --nextseq-trim=10 -u 10 -U 10 -o trimmed_reduced/Int-04_S45_L005_R1_001.fastq.gz -p trimmed_reduced/Int-04_S45_L005_R2_001.fastq.gz /data/classes/2024/fall/biol343/course_files/20240923_LH00283_0144_B22NMVKLT3/subsample/Int-04_S45_L005_R1_001.fastq.gz /data/classes/2024/fall/biol343/course_files/20240923_LH00283_0144_B22NMVKLT3/subsample/Int-04_S45_L005_R2_001.fastq.gz
Submitted job 17 with external jobid '112438'.

[Sat Dec 14 14:11:51 2024]
rule trim_filter:
    input: /data/classes/2024/fall/biol343/course_files/20240923_LH00283_0144_B22NMVKLT3/subsample/Int-03_S44_L005_R1_001.fastq.gz, /data/classes/2024/fall/biol343/course_files/20240923_LH00283_0144_B22NMVKLT3/subsample/Int-03_S44_L005_R2_001.fastq.gz
    output: trimmed_reduced/Int-03_S44_L005_R1_001.fastq.gz, trimmed_reduced/Int-03_S44_L005_R2_001.fastq.gz
    jobid: 15
    reason: Missing output files: trimmed_reduced/Int-03_S44_L005_R2_001.fastq.gz, trimmed_reduced/Int-03_S44_L005_R1_001.fastq.gz
    wildcards: sample=Int-03_S44_L005
    threads: 32
    resources: mem_mb=64000, mem_mib=61036, disk_mb=3304, disk_mib=3151, tmpdir=<TBD>, partition=week

cutadapt -j 32 -m 20 -a AGATCGGAAGAGCACACGTCTGAACTCCAGTCA -A AGATCGGAAGAGCGTCGTGTAGGGAAAGAGTGT --nextseq-trim=10 -u 10 -U 10 -o trimmed_reduced/Int-03_S44_L005_R1_001.fastq.gz -p trimmed_reduced/Int-03_S44_L005_R2_001.fastq.gz /data/classes/2024/fall/biol343/course_files/20240923_LH00283_0144_B22NMVKLT3/subsample/Int-03_S44_L005_R1_001.fastq.gz /data/classes/2024/fall/biol343/course_files/20240923_LH00283_0144_B22NMVKLT3/subsample/Int-03_S44_L005_R2_001.fastq.gz
Submitted job 15 with external jobid '112439'.

[Sat Dec 14 14:11:51 2024]
rule fastq_qc:
    input: /data/classes/2024/fall/biol343/course_files/20240923_LH00283_0144_B22NMVKLT3/subsample/Liv-03_S40_L005_R1_001.fastq.gz, /data/classes/2024/fall/biol343/course_files/20240923_LH00283_0144_B22NMVKLT3/subsample/Liv-03_S40_L005_R2_001.fastq.gz
    output: fastq_reduced/qc/Liv-03_S40_L005_R1_001_fastqc.html, fastq_reduced/qc/Liv-03_S40_L005_R1_001_fastqc.zip, fastq_reduced/qc/Liv-03_S40_L005_R2_001_fastqc.html, fastq_reduced/qc/Liv-03_S40_L005_R2_001_fastqc.zip
    jobid: 8
    reason: Missing output files: fastq_reduced/qc/Liv-03_S40_L005_R2_001_fastqc.html, fastq_reduced/qc/Liv-03_S40_L005_R1_001_fastqc.html
    wildcards: sample=Liv-03_S40_L005
    threads: 32
    resources: mem_mb=64000, mem_mib=61036, disk_mb=5040, disk_mib=4807, tmpdir=<TBD>, partition=week

fastqc -t 32 /data/classes/2024/fall/biol343/course_files/20240923_LH00283_0144_B22NMVKLT3/subsample/Liv-03_S40_L005_R1_001.fastq.gz /data/classes/2024/fall/biol343/course_files/20240923_LH00283_0144_B22NMVKLT3/subsample/Liv-03_S40_L005_R2_001.fastq.gz -o fastq_reduced/qc
Submitted job 8 with external jobid '112440'.

[Sat Dec 14 14:11:51 2024]
rule trim_filter:
    input: /data/classes/2024/fall/biol343/course_files/20240923_LH00283_0144_B22NMVKLT3/subsample/Int-02_S43_L005_R1_001.fastq.gz, /data/classes/2024/fall/biol343/course_files/20240923_LH00283_0144_B22NMVKLT3/subsample/Int-02_S43_L005_R2_001.fastq.gz
    output: trimmed_reduced/Int-02_S43_L005_R1_001.fastq.gz, trimmed_reduced/Int-02_S43_L005_R2_001.fastq.gz
    jobid: 13
    reason: Missing output files: trimmed_reduced/Int-02_S43_L005_R2_001.fastq.gz, trimmed_reduced/Int-02_S43_L005_R1_001.fastq.gz
    wildcards: sample=Int-02_S43_L005
    threads: 32
    resources: mem_mb=64000, mem_mib=61036, disk_mb=3747, disk_mib=3574, tmpdir=<TBD>, partition=week

cutadapt -j 32 -m 20 -a AGATCGGAAGAGCACACGTCTGAACTCCAGTCA -A AGATCGGAAGAGCGTCGTGTAGGGAAAGAGTGT --nextseq-trim=10 -u 10 -U 10 -o trimmed_reduced/Int-02_S43_L005_R1_001.fastq.gz -p trimmed_reduced/Int-02_S43_L005_R2_001.fastq.gz /data/classes/2024/fall/biol343/course_files/20240923_LH00283_0144_B22NMVKLT3/subsample/Int-02_S43_L005_R1_001.fastq.gz /data/classes/2024/fall/biol343/course_files/20240923_LH00283_0144_B22NMVKLT3/subsample/Int-02_S43_L005_R2_001.fastq.gz
Submitted job 13 with external jobid '112441'.
[Sat Dec 14 14:12:58 2024]
Finished job 23.
1 of 53 steps (2%) done
Select jobs to execute...
Execute 8 jobs...

[Sat Dec 14 14:12:58 2024]
rule fastq_qc:
    input: /data/classes/2024/fall/biol343/course_files/20240923_LH00283_0144_B22NMVKLT3/subsample/Liv-02_S39_L005_R1_001.fastq.gz, /data/classes/2024/fall/biol343/course_files/20240923_LH00283_0144_B22NMVKLT3/subsample/Liv-02_S39_L005_R2_001.fastq.gz
    output: fastq_reduced/qc/Liv-02_S39_L005_R1_001_fastqc.html, fastq_reduced/qc/Liv-02_S39_L005_R1_001_fastqc.zip, fastq_reduced/qc/Liv-02_S39_L005_R2_001_fastqc.html, fastq_reduced/qc/Liv-02_S39_L005_R2_001_fastqc.zip
    jobid: 7
    reason: Missing output files: fastq_reduced/qc/Liv-02_S39_L005_R2_001_fastqc.html, fastq_reduced/qc/Liv-02_S39_L005_R1_001_fastqc.html
    wildcards: sample=Liv-02_S39_L005
    threads: 32
    resources: mem_mb=64000, mem_mib=61036, disk_mb=3082, disk_mib=2940, tmpdir=<TBD>, partition=week

fastqc -t 32 /data/classes/2024/fall/biol343/course_files/20240923_LH00283_0144_B22NMVKLT3/subsample/Liv-02_S39_L005_R1_001.fastq.gz /data/classes/2024/fall/biol343/course_files/20240923_LH00283_0144_B22NMVKLT3/subsample/Liv-02_S39_L005_R2_001.fastq.gz -o fastq_reduced/qc
Submitted job 7 with external jobid '112444'.

[Sat Dec 14 14:12:58 2024]
rule trim_filter:
    input: /data/classes/2024/fall/biol343/course_files/20240923_LH00283_0144_B22NMVKLT3/subsample/Int-01_S42_L005_R1_001.fastq.gz, /data/classes/2024/fall/biol343/course_files/20240923_LH00283_0144_B22NMVKLT3/subsample/Int-01_S42_L005_R2_001.fastq.gz
    output: trimmed_reduced/Int-01_S42_L005_R1_001.fastq.gz, trimmed_reduced/Int-01_S42_L005_R2_001.fastq.gz
    jobid: 11
    reason: Missing output files: trimmed_reduced/Int-01_S42_L005_R2_001.fastq.gz, trimmed_reduced/Int-01_S42_L005_R1_001.fastq.gz
    wildcards: sample=Int-01_S42_L005
    threads: 32
    resources: mem_mb=64000, mem_mib=61036, disk_mb=2443, disk_mib=2330, tmpdir=<TBD>, partition=week

cutadapt -j 32 -m 20 -a AGATCGGAAGAGCACACGTCTGAACTCCAGTCA -A AGATCGGAAGAGCGTCGTGTAGGGAAAGAGTGT --nextseq-trim=10 -u 10 -U 10 -o trimmed_reduced/Int-01_S42_L005_R1_001.fastq.gz -p trimmed_reduced/Int-01_S42_L005_R2_001.fastq.gz /data/classes/2024/fall/biol343/course_files/20240923_LH00283_0144_B22NMVKLT3/subsample/Int-01_S42_L005_R1_001.fastq.gz /data/classes/2024/fall/biol343/course_files/20240923_LH00283_0144_B22NMVKLT3/subsample/Int-01_S42_L005_R2_001.fastq.gz
Submitted job 11 with external jobid '112445'.

[Sat Dec 14 14:12:58 2024]
rule trim_filter:
    input: /data/classes/2024/fall/biol343/course_files/20240923_LH00283_0144_B22NMVKLT3/subsample/Liv-02_S39_L005_R1_001.fastq.gz, /data/classes/2024/fall/biol343/course_files/20240923_LH00283_0144_B22NMVKLT3/subsample/Liv-02_S39_L005_R2_001.fastq.gz
    output: trimmed_reduced/Liv-02_S39_L005_R1_001.fastq.gz, trimmed_reduced/Liv-02_S39_L005_R2_001.fastq.gz
    jobid: 21
    reason: Missing output files: trimmed_reduced/Liv-02_S39_L005_R1_001.fastq.gz, trimmed_reduced/Liv-02_S39_L005_R2_001.fastq.gz
    wildcards: sample=Liv-02_S39_L005
    threads: 32
    resources: mem_mb=64000, mem_mib=61036, disk_mb=3082, disk_mib=2940, tmpdir=<TBD>, partition=week

cutadapt -j 32 -m 20 -a AGATCGGAAGAGCACACGTCTGAACTCCAGTCA -A AGATCGGAAGAGCGTCGTGTAGGGAAAGAGTGT --nextseq-trim=10 -u 10 -U 10 -o trimmed_reduced/Liv-02_S39_L005_R1_001.fastq.gz -p trimmed_reduced/Liv-02_S39_L005_R2_001.fastq.gz /data/classes/2024/fall/biol343/course_files/20240923_LH00283_0144_B22NMVKLT3/subsample/Liv-02_S39_L005_R1_001.fastq.gz /data/classes/2024/fall/biol343/course_files/20240923_LH00283_0144_B22NMVKLT3/subsample/Liv-02_S39_L005_R2_001.fastq.gz
Submitted job 21 with external jobid '112446'.

[Sat Dec 14 14:12:58 2024]
rule fetch_genome:
    output: genome_reduced/genome.fa, genome_reduced/annotations.gtf
    jobid: 29
    reason: Missing output files: genome_reduced/genome.fa, genome_reduced/annotations.gtf
    resources: mem_mb=64000, mem_mib=61036, disk_mb=1000, disk_mib=954, tmpdir=<TBD>, partition=week


        wget -nc -O - https://ftp.ebi.ac.uk/pub/databases/wormbase/parasite/releases/WBPS19/species/schistosoma_mansoni/PRJEA36577/schistosoma_mansoni.PRJEA36577.WBPS19.genomic.fa.gz | gzip -f -d > genome_reduced/genome.fa
        wget -O - https://ftp.ebi.ac.uk/pub/databases/wormbase/parasite/releases/WBPS19/species/schistosoma_mansoni/PRJEA36577/schistosoma_mansoni.PRJEA36577.WBPS19.canonical_geneset.gtf.gz | gzip -f -d > genome_reduced/annotations.gtf
        
Submitted job 29 with external jobid '112447'.

[Sat Dec 14 14:12:58 2024]
rule fastq_qc:
    input: /data/classes/2024/fall/biol343/course_files/20240923_LH00283_0144_B22NMVKLT3/subsample/Int-01_S42_L005_R1_001.fastq.gz, /data/classes/2024/fall/biol343/course_files/20240923_LH00283_0144_B22NMVKLT3/subsample/Int-01_S42_L005_R2_001.fastq.gz
    output: fastq_reduced/qc/Int-01_S42_L005_R1_001_fastqc.html, fastq_reduced/qc/Int-01_S42_L005_R1_001_fastqc.zip, fastq_reduced/qc/Int-01_S42_L005_R2_001_fastqc.html, fastq_reduced/qc/Int-01_S42_L005_R2_001_fastqc.zip
    jobid: 2
    reason: Missing output files: fastq_reduced/qc/Int-01_S42_L005_R1_001_fastqc.html, fastq_reduced/qc/Int-01_S42_L005_R2_001_fastqc.html
    wildcards: sample=Int-01_S42_L005
    threads: 32
    resources: mem_mb=64000, mem_mib=61036, disk_mb=2443, disk_mib=2330, tmpdir=<TBD>, partition=week

fastqc -t 32 /data/classes/2024/fall/biol343/course_files/20240923_LH00283_0144_B22NMVKLT3/subsample/Int-01_S42_L005_R1_001.fastq.gz /data/classes/2024/fall/biol343/course_files/20240923_LH00283_0144_B22NMVKLT3/subsample/Int-01_S42_L005_R2_001.fastq.gz -o fastq_reduced/qc
Submitted job 2 with external jobid '112448'.

[Sat Dec 14 14:12:58 2024]
rule trim_filter:
    input: /data/classes/2024/fall/biol343/course_files/20240923_LH00283_0144_B22NMVKLT3/subsample/Liv-04_S41_L005_R1_001.fastq.gz, /data/classes/2024/fall/biol343/course_files/20240923_LH00283_0144_B22NMVKLT3/subsample/Liv-04_S41_L005_R2_001.fastq.gz
    output: trimmed_reduced/Liv-04_S41_L005_R1_001.fastq.gz, trimmed_reduced/Liv-04_S41_L005_R2_001.fastq.gz
    jobid: 25
    reason: Missing output files: trimmed_reduced/Liv-04_S41_L005_R1_001.fastq.gz, trimmed_reduced/Liv-04_S41_L005_R2_001.fastq.gz
    wildcards: sample=Liv-04_S41_L005
    threads: 32
    resources: mem_mb=64000, mem_mib=61036, disk_mb=3284, disk_mib=3132, tmpdir=<TBD>, partition=week

cutadapt -j 32 -m 20 -a AGATCGGAAGAGCACACGTCTGAACTCCAGTCA -A AGATCGGAAGAGCGTCGTGTAGGGAAAGAGTGT --nextseq-trim=10 -u 10 -U 10 -o trimmed_reduced/Liv-04_S41_L005_R1_001.fastq.gz -p trimmed_reduced/Liv-04_S41_L005_R2_001.fastq.gz /data/classes/2024/fall/biol343/course_files/20240923_LH00283_0144_B22NMVKLT3/subsample/Liv-04_S41_L005_R1_001.fastq.gz /data/classes/2024/fall/biol343/course_files/20240923_LH00283_0144_B22NMVKLT3/subsample/Liv-04_S41_L005_R2_001.fastq.gz
Submitted job 25 with external jobid '112449'.

[Sat Dec 14 14:12:58 2024]
rule fastq_qc:
    input: /data/classes/2024/fall/biol343/course_files/20240923_LH00283_0144_B22NMVKLT3/subsample/Liv-04_S41_L005_R1_001.fastq.gz, /data/classes/2024/fall/biol343/course_files/20240923_LH00283_0144_B22NMVKLT3/subsample/Liv-04_S41_L005_R2_001.fastq.gz
    output: fastq_reduced/qc/Liv-04_S41_L005_R1_001_fastqc.html, fastq_reduced/qc/Liv-04_S41_L005_R1_001_fastqc.zip, fastq_reduced/qc/Liv-04_S41_L005_R2_001_fastqc.html, fastq_reduced/qc/Liv-04_S41_L005_R2_001_fastqc.zip
    jobid: 9
    reason: Missing output files: fastq_reduced/qc/Liv-04_S41_L005_R2_001_fastqc.html, fastq_reduced/qc/Liv-04_S41_L005_R1_001_fastqc.html
    wildcards: sample=Liv-04_S41_L005
    threads: 32
    resources: mem_mb=64000, mem_mib=61036, disk_mb=3284, disk_mib=3132, tmpdir=<TBD>, partition=week

fastqc -t 32 /data/classes/2024/fall/biol343/course_files/20240923_LH00283_0144_B22NMVKLT3/subsample/Liv-04_S41_L005_R1_001.fastq.gz /data/classes/2024/fall/biol343/course_files/20240923_LH00283_0144_B22NMVKLT3/subsample/Liv-04_S41_L005_R2_001.fastq.gz -o fastq_reduced/qc
Submitted job 9 with external jobid '112450'.

[Sat Dec 14 14:12:58 2024]
rule trim_qc:
    input: trimmed_reduced/Liv-03_S40_L005_R1_001.fastq.gz, trimmed_reduced/Liv-03_S40_L005_R2_001.fastq.gz
    output: trimmed_reduced/qc/Liv-03_S40_L005_R1_001_fastqc.html, trimmed_reduced/qc/Liv-03_S40_L005_R1_001_fastqc.zip, trimmed_reduced/qc/Liv-03_S40_L005_R2_001_fastqc.html, trimmed_reduced/qc/Liv-03_S40_L005_R2_001_fastqc.zip
    jobid: 22
    reason: Missing output files: trimmed_reduced/qc/Liv-03_S40_L005_R2_001_fastqc.html, trimmed_reduced/qc/Liv-03_S40_L005_R1_001_fastqc.html; Input files updated by another job: trimmed_reduced/Liv-03_S40_L005_R1_001.fastq.gz, trimmed_reduced/Liv-03_S40_L005_R2_001.fastq.gz
    wildcards: sample=Liv-03_S40_L005
    threads: 32
    resources: mem_mb=64000, mem_mib=61036, disk_mb=4428, disk_mib=4223, tmpdir=<TBD>, partition=week

fastqc -t 32 trimmed_reduced/Liv-03_S40_L005_R1_001.fastq.gz trimmed_reduced/Liv-03_S40_L005_R2_001.fastq.gz -o trimmed_reduced/qc
Submitted job 22 with external jobid '112451'.
[Sat Dec 14 14:13:00 2024]
Finished job 19.
2 of 53 steps (4%) done
Select jobs to execute...
Execute 1 jobs...

[Sat Dec 14 14:13:00 2024]
rule trim_qc:
    input: trimmed_reduced/Liv-01_S38_L005_R1_001.fastq.gz, trimmed_reduced/Liv-01_S38_L005_R2_001.fastq.gz
    output: trimmed_reduced/qc/Liv-01_S38_L005_R1_001_fastqc.html, trimmed_reduced/qc/Liv-01_S38_L005_R1_001_fastqc.zip, trimmed_reduced/qc/Liv-01_S38_L005_R2_001_fastqc.html, trimmed_reduced/qc/Liv-01_S38_L005_R2_001_fastqc.zip
    jobid: 18
    reason: Missing output files: trimmed_reduced/qc/Liv-01_S38_L005_R1_001_fastqc.html, trimmed_reduced/qc/Liv-01_S38_L005_R2_001_fastqc.html; Input files updated by another job: trimmed_reduced/Liv-01_S38_L005_R2_001.fastq.gz, trimmed_reduced/Liv-01_S38_L005_R1_001.fastq.gz
    wildcards: sample=Liv-01_S38_L005
    threads: 32
    resources: mem_mb=64000, mem_mib=61036, disk_mb=4120, disk_mib=3930, tmpdir=<TBD>, partition=week

fastqc -t 32 trimmed_reduced/Liv-01_S38_L005_R1_001.fastq.gz trimmed_reduced/Liv-01_S38_L005_R2_001.fastq.gz -o trimmed_reduced/qc
Submitted job 18 with external jobid '112452'.
[Sat Dec 14 14:13:30 2024]
Finished job 17.
3 of 53 steps (6%) done
Select jobs to execute...
Execute 1 jobs...

[Sat Dec 14 14:13:30 2024]
rule trim_qc:
    input: trimmed_reduced/Int-04_S45_L005_R1_001.fastq.gz, trimmed_reduced/Int-04_S45_L005_R2_001.fastq.gz
    output: trimmed_reduced/qc/Int-04_S45_L005_R1_001_fastqc.html, trimmed_reduced/qc/Int-04_S45_L005_R1_001_fastqc.zip, trimmed_reduced/qc/Int-04_S45_L005_R2_001_fastqc.html, trimmed_reduced/qc/Int-04_S45_L005_R2_001_fastqc.zip
    jobid: 16
    reason: Missing output files: trimmed_reduced/qc/Int-04_S45_L005_R1_001_fastqc.html, trimmed_reduced/qc/Int-04_S45_L005_R2_001_fastqc.html; Input files updated by another job: trimmed_reduced/Int-04_S45_L005_R1_001.fastq.gz, trimmed_reduced/Int-04_S45_L005_R2_001.fastq.gz
    wildcards: sample=Int-04_S45_L005
    threads: 32
    resources: mem_mb=64000, mem_mib=61036, disk_mb=3715, disk_mib=3543, tmpdir=<TBD>, partition=week

fastqc -t 32 trimmed_reduced/Int-04_S45_L005_R1_001.fastq.gz trimmed_reduced/Int-04_S45_L005_R2_001.fastq.gz -o trimmed_reduced/qc
Submitted job 16 with external jobid '112453'.
[Sat Dec 14 14:13:31 2024]
Finished job 15.
4 of 53 steps (8%) done
Select jobs to execute...
Execute 1 jobs...

[Sat Dec 14 14:13:31 2024]
rule trim_qc:
    input: trimmed_reduced/Int-03_S44_L005_R1_001.fastq.gz, trimmed_reduced/Int-03_S44_L005_R2_001.fastq.gz
    output: trimmed_reduced/qc/Int-03_S44_L005_R1_001_fastqc.html, trimmed_reduced/qc/Int-03_S44_L005_R1_001_fastqc.zip, trimmed_reduced/qc/Int-03_S44_L005_R2_001_fastqc.html, trimmed_reduced/qc/Int-03_S44_L005_R2_001_fastqc.zip
    jobid: 14
    reason: Missing output files: trimmed_reduced/qc/Int-03_S44_L005_R2_001_fastqc.html, trimmed_reduced/qc/Int-03_S44_L005_R1_001_fastqc.html; Input files updated by another job: trimmed_reduced/Int-03_S44_L005_R2_001.fastq.gz, trimmed_reduced/Int-03_S44_L005_R1_001.fastq.gz
    wildcards: sample=Int-03_S44_L005
    threads: 32
    resources: mem_mb=64000, mem_mib=61036, disk_mb=2867, disk_mib=2735, tmpdir=<TBD>, partition=week

fastqc -t 32 trimmed_reduced/Int-03_S44_L005_R1_001.fastq.gz trimmed_reduced/Int-03_S44_L005_R2_001.fastq.gz -o trimmed_reduced/qc
Submitted job 14 with external jobid '112454'.
[Sat Dec 14 14:13:56 2024]
Finished job 4.
5 of 53 steps (9%) done
[Sat Dec 14 14:13:57 2024]
Finished job 3.
6 of 53 steps (11%) done
[Sat Dec 14 14:13:59 2024]
Finished job 13.
7 of 53 steps (13%) done
Select jobs to execute...
Execute 1 jobs...

[Sat Dec 14 14:13:59 2024]
rule trim_qc:
    input: trimmed_reduced/Int-02_S43_L005_R1_001.fastq.gz, trimmed_reduced/Int-02_S43_L005_R2_001.fastq.gz
    output: trimmed_reduced/qc/Int-02_S43_L005_R1_001_fastqc.html, trimmed_reduced/qc/Int-02_S43_L005_R1_001_fastqc.zip, trimmed_reduced/qc/Int-02_S43_L005_R2_001_fastqc.html, trimmed_reduced/qc/Int-02_S43_L005_R2_001_fastqc.zip
    jobid: 12
    reason: Missing output files: trimmed_reduced/qc/Int-02_S43_L005_R2_001_fastqc.html, trimmed_reduced/qc/Int-02_S43_L005_R1_001_fastqc.html; Input files updated by another job: trimmed_reduced/Int-02_S43_L005_R2_001.fastq.gz, trimmed_reduced/Int-02_S43_L005_R1_001.fastq.gz
    wildcards: sample=Int-02_S43_L005
    threads: 32
    resources: mem_mb=64000, mem_mib=61036, disk_mb=3213, disk_mib=3065, tmpdir=<TBD>, partition=week

fastqc -t 32 trimmed_reduced/Int-02_S43_L005_R1_001.fastq.gz trimmed_reduced/Int-02_S43_L005_R2_001.fastq.gz -o trimmed_reduced/qc
Submitted job 12 with external jobid '112455'.
[Sat Dec 14 14:14:12 2024]
Finished job 11.
8 of 53 steps (15%) done
Select jobs to execute...
Execute 1 jobs...

[Sat Dec 14 14:14:12 2024]
rule trim_qc:
    input: trimmed_reduced/Int-01_S42_L005_R1_001.fastq.gz, trimmed_reduced/Int-01_S42_L005_R2_001.fastq.gz
    output: trimmed_reduced/qc/Int-01_S42_L005_R1_001_fastqc.html, trimmed_reduced/qc/Int-01_S42_L005_R1_001_fastqc.zip, trimmed_reduced/qc/Int-01_S42_L005_R2_001_fastqc.html, trimmed_reduced/qc/Int-01_S42_L005_R2_001_fastqc.zip
    jobid: 10
    reason: Missing output files: trimmed_reduced/qc/Int-01_S42_L005_R2_001_fastqc.html, trimmed_reduced/qc/Int-01_S42_L005_R1_001_fastqc.html; Input files updated by another job: trimmed_reduced/Int-01_S42_L005_R2_001.fastq.gz, trimmed_reduced/Int-01_S42_L005_R1_001.fastq.gz
    wildcards: sample=Int-01_S42_L005
    threads: 32
    resources: mem_mb=64000, mem_mib=61036, disk_mb=2096, disk_mib=1999, tmpdir=<TBD>, partition=week

fastqc -t 32 trimmed_reduced/Int-01_S42_L005_R1_001.fastq.gz trimmed_reduced/Int-01_S42_L005_R2_001.fastq.gz -o trimmed_reduced/qc
Submitted job 10 with external jobid '112456'.
[Sat Dec 14 14:14:20 2024]
Finished job 6.
9 of 53 steps (17%) done
[Sat Dec 14 14:14:21 2024]
Finished job 5.
10 of 53 steps (19%) done
[Sat Dec 14 14:14:37 2024]
Finished job 21.
11 of 53 steps (21%) done
Select jobs to execute...
Execute 1 jobs...

[Sat Dec 14 14:14:37 2024]
rule trim_qc:
    input: trimmed_reduced/Liv-02_S39_L005_R1_001.fastq.gz, trimmed_reduced/Liv-02_S39_L005_R2_001.fastq.gz
    output: trimmed_reduced/qc/Liv-02_S39_L005_R1_001_fastqc.html, trimmed_reduced/qc/Liv-02_S39_L005_R1_001_fastqc.zip, trimmed_reduced/qc/Liv-02_S39_L005_R2_001_fastqc.html, trimmed_reduced/qc/Liv-02_S39_L005_R2_001_fastqc.zip
    jobid: 20
    reason: Missing output files: trimmed_reduced/qc/Liv-02_S39_L005_R2_001_fastqc.html, trimmed_reduced/qc/Liv-02_S39_L005_R1_001_fastqc.html; Input files updated by another job: trimmed_reduced/Liv-02_S39_L005_R1_001.fastq.gz, trimmed_reduced/Liv-02_S39_L005_R2_001.fastq.gz
    wildcards: sample=Liv-02_S39_L005
    threads: 32
    resources: mem_mb=64000, mem_mib=61036, disk_mb=2503, disk_mib=2388, tmpdir=<TBD>, partition=week

fastqc -t 32 trimmed_reduced/Liv-02_S39_L005_R1_001.fastq.gz trimmed_reduced/Liv-02_S39_L005_R2_001.fastq.gz -o trimmed_reduced/qc
Submitted job 20 with external jobid '112457'.
[Sat Dec 14 14:14:40 2024]
Finished job 25.
12 of 53 steps (23%) done
Select jobs to execute...
Execute 1 jobs...

[Sat Dec 14 14:14:40 2024]
rule trim_qc:
    input: trimmed_reduced/Liv-04_S41_L005_R1_001.fastq.gz, trimmed_reduced/Liv-04_S41_L005_R2_001.fastq.gz
    output: trimmed_reduced/qc/Liv-04_S41_L005_R1_001_fastqc.html, trimmed_reduced/qc/Liv-04_S41_L005_R1_001_fastqc.zip, trimmed_reduced/qc/Liv-04_S41_L005_R2_001_fastqc.html, trimmed_reduced/qc/Liv-04_S41_L005_R2_001_fastqc.zip
    jobid: 24
    reason: Missing output files: trimmed_reduced/qc/Liv-04_S41_L005_R1_001_fastqc.html, trimmed_reduced/qc/Liv-04_S41_L005_R2_001_fastqc.html; Input files updated by another job: trimmed_reduced/Liv-04_S41_L005_R1_001.fastq.gz, trimmed_reduced/Liv-04_S41_L005_R2_001.fastq.gz
    wildcards: sample=Liv-04_S41_L005
    threads: 32
    resources: mem_mb=64000, mem_mib=61036, disk_mb=2838, disk_mib=2707, tmpdir=<TBD>, partition=week

fastqc -t 32 trimmed_reduced/Liv-04_S41_L005_R1_001.fastq.gz trimmed_reduced/Liv-04_S41_L005_R2_001.fastq.gz -o trimmed_reduced/qc
Submitted job 24 with external jobid '112458'.
[Sat Dec 14 14:15:00 2024]
Finished job 7.
13 of 53 steps (25%) done
[Sat Dec 14 14:15:44 2024]
Finished job 2.
14 of 53 steps (26%) done
[Sat Dec 14 14:15:45 2024]
Finished job 9.
15 of 53 steps (28%) done
[Sat Dec 14 14:15:48 2024]
Finished job 8.
16 of 53 steps (30%) done
[Sat Dec 14 14:16:56 2024]
Finished job 10.
17 of 53 steps (32%) done
[Sat Dec 14 14:16:57 2024]
Finished job 16.
18 of 53 steps (34%) done
[Sat Dec 14 14:16:58 2024]
Finished job 14.
19 of 53 steps (36%) done
[Sat Dec 14 14:17:00 2024]
Finished job 22.
20 of 53 steps (38%) done
[Sat Dec 14 14:17:01 2024]
Finished job 18.
21 of 53 steps (40%) done
[Sat Dec 14 14:17:40 2024]
Finished job 29.
22 of 53 steps (42%) done
Select jobs to execute...
Execute 2 jobs...

[Sat Dec 14 14:17:40 2024]
rule hisat_index:
    input: genome_reduced/genome.fa, genome_reduced/annotations.gtf
    output: genome_reduced/hisat, genome_reduced/hisat/hisat_ss.tsv, genome_reduced/hisat/hisat_exons.tsv
    jobid: 31
    reason: Missing output files: genome_reduced/hisat; Input files updated by another job: genome_reduced/genome.fa, genome_reduced/annotations.gtf
    resources: mem_mb=64000, mem_mib=61036, disk_mb=1000, disk_mib=954, tmpdir=<TBD>, partition=week


        hisat2_extract_splice_sites.py genome_reduced/annotations.gtf > genome_reduced/hisat/hisat_ss.tsv
        hisat2_extract_exons.py genome_reduced/annotations.gtf > genome_reduced/hisat/hisat_exons.tsv
        hisat2-build genome_reduced/genome.fa genome_reduced/hisat/genome -p 16 --ss genome_reduced/hisat/hisat_ss.tsv --exon genome_reduced/hisat/hisat_exons.tsv
        
Submitted job 31 with external jobid '112459'.

[Sat Dec 14 14:17:40 2024]
rule star_sa:
    input: genome_reduced/genome.fa, genome_reduced/annotations.gtf
    output: genome_reduced/star
    jobid: 28
    reason: Missing output files: genome_reduced/star; Input files updated by another job: genome_reduced/genome.fa, genome_reduced/annotations.gtf
    threads: 32
    resources: mem_mb=64000, mem_mib=61036, disk_mb=1000, disk_mib=954, tmpdir=<TBD>, partition=week


        STAR             --runThreadN 32             --runMode genomeGenerate             --genomeDir genome_reduced/star            --genomeFastaFiles genome_reduced/genome.fa             --sjdbGTFfile genome_reduced/annotations.gtf             --sjdbOverhang 139             --genomeSAindexNbases 13
        
Submitted job 28 with external jobid '112460'.
[Sat Dec 14 14:17:41 2024]
Finished job 12.
23 of 53 steps (43%) done
[Sat Dec 14 14:21:07 2024]
Finished job 28.
24 of 53 steps (45%) done
Select jobs to execute...
Execute 1 jobs...

[Sat Dec 14 14:21:07 2024]
rule star_align_first:
    input: trimmed_reduced/Int-01_S42_L005_R1_001.fastq.gz, trimmed_reduced/Int-02_S43_L005_R1_001.fastq.gz, trimmed_reduced/Int-03_S44_L005_R1_001.fastq.gz, trimmed_reduced/Int-04_S45_L005_R1_001.fastq.gz, trimmed_reduced/Liv-01_S38_L005_R1_001.fastq.gz, trimmed_reduced/Liv-02_S39_L005_R1_001.fastq.gz, trimmed_reduced/Liv-03_S40_L005_R1_001.fastq.gz, trimmed_reduced/Liv-04_S41_L005_R1_001.fastq.gz, trimmed_reduced/Int-01_S42_L005_R2_001.fastq.gz, trimmed_reduced/Int-02_S43_L005_R2_001.fastq.gz, trimmed_reduced/Int-03_S44_L005_R2_001.fastq.gz, trimmed_reduced/Int-04_S45_L005_R2_001.fastq.gz, trimmed_reduced/Liv-01_S38_L005_R2_001.fastq.gz, trimmed_reduced/Liv-02_S39_L005_R2_001.fastq.gz, trimmed_reduced/Liv-03_S40_L005_R2_001.fastq.gz, trimmed_reduced/Liv-04_S41_L005_R2_001.fastq.gz, genome_reduced/star, manifest_reduced.tsv
    output: alignment_reduced/star/first-pass.final.out, alignment_reduced/star/SJ.out.tab, alignment_reduced/star/Aligned.sortedByCoord.out.bam, alignment_reduced/star
    jobid: 27
    reason: Missing output files: alignment_reduced/star/SJ.out.tab, alignment_reduced/star/Aligned.sortedByCoord.out.bam, alignment_reduced/star, alignment_reduced/star/first-pass.final.out; Input files updated by another job: trimmed_reduced/Liv-03_S40_L005_R1_001.fastq.gz, trimmed_reduced/Liv-04_S41_L005_R1_001.fastq.gz, trimmed_reduced/Liv-02_S39_L005_R1_001.fastq.gz, trimmed_reduced/Liv-03_S40_L005_R2_001.fastq.gz, trimmed_reduced/Int-01_S42_L005_R1_001.fastq.gz, trimmed_reduced/Int-01_S42_L005_R2_001.fastq.gz, genome_reduced/star, trimmed_reduced/Int-03_S44_L005_R2_001.fastq.gz, trimmed_reduced/Int-03_S44_L005_R1_001.fastq.gz, trimmed_reduced/Liv-02_S39_L005_R2_001.fastq.gz, trimmed_reduced/Liv-04_S41_L005_R2_001.fastq.gz, trimmed_reduced/Int-02_S43_L005_R1_001.fastq.gz, trimmed_reduced/Int-04_S45_L005_R1_001.fastq.gz, trimmed_reduced/Int-04_S45_L005_R2_001.fastq.gz, trimmed_reduced/Int-02_S43_L005_R2_001.fastq.gz, trimmed_reduced/Liv-01_S38_L005_R2_001.fastq.gz, trimmed_reduced/Liv-01_S38_L005_R1_001.fastq.gz
    threads: 16
    resources: mem_mb=64000, mem_mib=61036, disk_mb=25781, disk_mib=24587, tmpdir=<TBD>, partition=week


        STAR             --runThreadN 16             --runMode alignReads             --genomeDir genome_reduced/star             --readFilesManifest manifest_reduced.tsv             --readFilesCommand zcat             --outSAMtype BAM SortedByCoordinate             --outSAMunmapped Within             --outFileNamePrefix alignment_reduced/star/
        cp alignment_reduced/star/Log.final.out alignment_reduced/star/first-pass.final.out
        
Submitted job 27 with external jobid '112462'.
[Sat Dec 14 14:23:31 2024]
Finished job 20.
25 of 53 steps (47%) done
[Sat Dec 14 14:23:32 2024]
Finished job 24.
26 of 53 steps (49%) done
[Sat Dec 14 14:42:15 2024]
Finished job 31.
27 of 53 steps (51%) done
Select jobs to execute...
Execute 8 jobs...

[Sat Dec 14 14:42:15 2024]
rule hisat_align:
    input: genome_reduced/genome.fa, genome_reduced/annotations.gtf, trimmed_reduced/Int-04_S45_L005_R1_001.fastq.gz, trimmed_reduced/Int-04_S45_L005_R2_001.fastq.gz, genome_reduced/hisat
    output: alignment_reduced/hisat/Int-04_S45_L005.sam
    jobid: 34
    reason: Missing output files: alignment_reduced/hisat/Int-04_S45_L005.sam; Input files updated by another job: trimmed_reduced/Int-04_S45_L005_R1_001.fastq.gz, genome_reduced/annotations.gtf, trimmed_reduced/Int-04_S45_L005_R2_001.fastq.gz, genome_reduced/genome.fa, genome_reduced/hisat
    wildcards: sample=Int-04_S45_L005
    threads: 16
    resources: mem_mb=64000, mem_mib=61036, disk_mb=4608, disk_mib=4395, tmpdir=<TBD>, partition=week

hisat2 genome_reduced/hisat/genome -p 16 -1 trimmed_reduced/Int-04_S45_L005_R1_001.fastq.gz -2 trimmed_reduced/Int-04_S45_L005_R2_001.fastq.gz --rg-id Int-04 --rg SM:Int-04 --summary-file alignment_reduced/hisat/Int-04_S45_L005.log --new-summary > alignment_reduced/hisat/Int-04_S45_L005.sam
Submitted job 34 with external jobid '112464'.

[Sat Dec 14 14:42:15 2024]
rule hisat_align:
    input: genome_reduced/genome.fa, genome_reduced/annotations.gtf, trimmed_reduced/Int-03_S44_L005_R1_001.fastq.gz, trimmed_reduced/Int-03_S44_L005_R2_001.fastq.gz, genome_reduced/hisat
    output: alignment_reduced/hisat/Int-03_S44_L005.sam
    jobid: 33
    reason: Missing output files: alignment_reduced/hisat/Int-03_S44_L005.sam; Input files updated by another job: genome_reduced/annotations.gtf, genome_reduced/genome.fa, genome_reduced/hisat, trimmed_reduced/Int-03_S44_L005_R2_001.fastq.gz, trimmed_reduced/Int-03_S44_L005_R1_001.fastq.gz
    wildcards: sample=Int-03_S44_L005
    threads: 16
    resources: mem_mb=64000, mem_mib=61036, disk_mb=3760, disk_mib=3586, tmpdir=<TBD>, partition=week

hisat2 genome_reduced/hisat/genome -p 16 -1 trimmed_reduced/Int-03_S44_L005_R1_001.fastq.gz -2 trimmed_reduced/Int-03_S44_L005_R2_001.fastq.gz --rg-id Int-03 --rg SM:Int-03 --summary-file alignment_reduced/hisat/Int-03_S44_L005.log --new-summary > alignment_reduced/hisat/Int-03_S44_L005.sam
Submitted job 33 with external jobid '112465'.

[Sat Dec 14 14:42:15 2024]
rule hisat_align:
    input: genome_reduced/genome.fa, genome_reduced/annotations.gtf, trimmed_reduced/Int-02_S43_L005_R1_001.fastq.gz, trimmed_reduced/Int-02_S43_L005_R2_001.fastq.gz, genome_reduced/hisat
    output: alignment_reduced/hisat/Int-02_S43_L005.sam
    jobid: 32
    reason: Missing output files: alignment_reduced/hisat/Int-02_S43_L005.sam; Input files updated by another job: trimmed_reduced/Int-02_S43_L005_R1_001.fastq.gz, genome_reduced/annotations.gtf, trimmed_reduced/Int-02_S43_L005_R2_001.fastq.gz, genome_reduced/genome.fa, genome_reduced/hisat
    wildcards: sample=Int-02_S43_L005
    threads: 16
    resources: mem_mb=64000, mem_mib=61036, disk_mb=4106, disk_mib=3916, tmpdir=<TBD>, partition=week

hisat2 genome_reduced/hisat/genome -p 16 -1 trimmed_reduced/Int-02_S43_L005_R1_001.fastq.gz -2 trimmed_reduced/Int-02_S43_L005_R2_001.fastq.gz --rg-id Int-02 --rg SM:Int-02 --summary-file alignment_reduced/hisat/Int-02_S43_L005.log --new-summary > alignment_reduced/hisat/Int-02_S43_L005.sam
Submitted job 32 with external jobid '112466'.

[Sat Dec 14 14:42:15 2024]
rule hisat_align:
    input: genome_reduced/genome.fa, genome_reduced/annotations.gtf, trimmed_reduced/Int-01_S42_L005_R1_001.fastq.gz, trimmed_reduced/Int-01_S42_L005_R2_001.fastq.gz, genome_reduced/hisat
    output: alignment_reduced/hisat/Int-01_S42_L005.sam
    jobid: 30
    reason: Missing output files: alignment_reduced/hisat/Int-01_S42_L005.sam; Input files updated by another job: genome_reduced/annotations.gtf, trimmed_reduced/Int-01_S42_L005_R1_001.fastq.gz, genome_reduced/genome.fa, genome_reduced/hisat, trimmed_reduced/Int-01_S42_L005_R2_001.fastq.gz
    wildcards: sample=Int-01_S42_L005
    threads: 16
    resources: mem_mb=64000, mem_mib=61036, disk_mb=2989, disk_mib=2851, tmpdir=<TBD>, partition=week

hisat2 genome_reduced/hisat/genome -p 16 -1 trimmed_reduced/Int-01_S42_L005_R1_001.fastq.gz -2 trimmed_reduced/Int-01_S42_L005_R2_001.fastq.gz --rg-id Int-01 --rg SM:Int-01 --summary-file alignment_reduced/hisat/Int-01_S42_L005.log --new-summary > alignment_reduced/hisat/Int-01_S42_L005.sam
Submitted job 30 with external jobid '112467'.

[Sat Dec 14 14:42:15 2024]
rule hisat_align:
    input: genome_reduced/genome.fa, genome_reduced/annotations.gtf, trimmed_reduced/Liv-04_S41_L005_R1_001.fastq.gz, trimmed_reduced/Liv-04_S41_L005_R2_001.fastq.gz, genome_reduced/hisat
    output: alignment_reduced/hisat/Liv-04_S41_L005.sam
    jobid: 38
    reason: Missing output files: alignment_reduced/hisat/Liv-04_S41_L005.sam; Input files updated by another job: trimmed_reduced/Liv-04_S41_L005_R2_001.fastq.gz, genome_reduced/annotations.gtf, trimmed_reduced/Liv-04_S41_L005_R1_001.fastq.gz, genome_reduced/genome.fa, genome_reduced/hisat
    wildcards: sample=Liv-04_S41_L005
    threads: 16
    resources: mem_mb=64000, mem_mib=61036, disk_mb=3731, disk_mib=3559, tmpdir=<TBD>, partition=week

hisat2 genome_reduced/hisat/genome -p 16 -1 trimmed_reduced/Liv-04_S41_L005_R1_001.fastq.gz -2 trimmed_reduced/Liv-04_S41_L005_R2_001.fastq.gz --rg-id Liv-04 --rg SM:Liv-04 --summary-file alignment_reduced/hisat/Liv-04_S41_L005.log --new-summary > alignment_reduced/hisat/Liv-04_S41_L005.sam
Submitted job 38 with external jobid '112468'.

[Sat Dec 14 14:42:15 2024]
rule hisat_align:
    input: genome_reduced/genome.fa, genome_reduced/annotations.gtf, trimmed_reduced/Liv-03_S40_L005_R1_001.fastq.gz, trimmed_reduced/Liv-03_S40_L005_R2_001.fastq.gz, genome_reduced/hisat
    output: alignment_reduced/hisat/Liv-03_S40_L005.sam
    jobid: 37
    reason: Missing output files: alignment_reduced/hisat/Liv-03_S40_L005.sam; Input files updated by another job: trimmed_reduced/Liv-03_S40_L005_R1_001.fastq.gz, trimmed_reduced/Liv-03_S40_L005_R2_001.fastq.gz, genome_reduced/annotations.gtf, genome_reduced/genome.fa, genome_reduced/hisat
    wildcards: sample=Liv-03_S40_L005
    threads: 16
    resources: mem_mb=64000, mem_mib=61036, disk_mb=5321, disk_mib=5075, tmpdir=<TBD>, partition=week

hisat2 genome_reduced/hisat/genome -p 16 -1 trimmed_reduced/Liv-03_S40_L005_R1_001.fastq.gz -2 trimmed_reduced/Liv-03_S40_L005_R2_001.fastq.gz --rg-id Liv-03 --rg SM:Liv-03 --summary-file alignment_reduced/hisat/Liv-03_S40_L005.log --new-summary > alignment_reduced/hisat/Liv-03_S40_L005.sam
Submitted job 37 with external jobid '112469'.

[Sat Dec 14 14:42:15 2024]
rule hisat_align:
    input: genome_reduced/genome.fa, genome_reduced/annotations.gtf, trimmed_reduced/Liv-02_S39_L005_R1_001.fastq.gz, trimmed_reduced/Liv-02_S39_L005_R2_001.fastq.gz, genome_reduced/hisat
    output: alignment_reduced/hisat/Liv-02_S39_L005.sam
    jobid: 36
    reason: Missing output files: alignment_reduced/hisat/Liv-02_S39_L005.sam; Input files updated by another job: trimmed_reduced/Liv-02_S39_L005_R1_001.fastq.gz, genome_reduced/annotations.gtf, genome_reduced/genome.fa, genome_reduced/hisat, trimmed_reduced/Liv-02_S39_L005_R2_001.fastq.gz
    wildcards: sample=Liv-02_S39_L005
    threads: 16
    resources: mem_mb=64000, mem_mib=61036, disk_mb=3396, disk_mib=3239, tmpdir=<TBD>, partition=week

hisat2 genome_reduced/hisat/genome -p 16 -1 trimmed_reduced/Liv-02_S39_L005_R1_001.fastq.gz -2 trimmed_reduced/Liv-02_S39_L005_R2_001.fastq.gz --rg-id Liv-02 --rg SM:Liv-02 --summary-file alignment_reduced/hisat/Liv-02_S39_L005.log --new-summary > alignment_reduced/hisat/Liv-02_S39_L005.sam
Submitted job 36 with external jobid '112470'.

[Sat Dec 14 14:42:15 2024]
rule hisat_align:
    input: genome_reduced/genome.fa, genome_reduced/annotations.gtf, trimmed_reduced/Liv-01_S38_L005_R1_001.fastq.gz, trimmed_reduced/Liv-01_S38_L005_R2_001.fastq.gz, genome_reduced/hisat
    output: alignment_reduced/hisat/Liv-01_S38_L005.sam
    jobid: 35
    reason: Missing output files: alignment_reduced/hisat/Liv-01_S38_L005.sam; Input files updated by another job: genome_reduced/annotations.gtf, trimmed_reduced/Liv-01_S38_L005_R2_001.fastq.gz, genome_reduced/genome.fa, genome_reduced/hisat, trimmed_reduced/Liv-01_S38_L005_R1_001.fastq.gz
    wildcards: sample=Liv-01_S38_L005
    threads: 16
    resources: mem_mb=64000, mem_mib=61036, disk_mb=5013, disk_mib=4781, tmpdir=<TBD>, partition=week

hisat2 genome_reduced/hisat/genome -p 16 -1 trimmed_reduced/Liv-01_S38_L005_R1_001.fastq.gz -2 trimmed_reduced/Liv-01_S38_L005_R2_001.fastq.gz --rg-id Liv-01 --rg SM:Liv-01 --summary-file alignment_reduced/hisat/Liv-01_S38_L005.log --new-summary > alignment_reduced/hisat/Liv-01_S38_L005.sam
Submitted job 35 with external jobid '112471'.
[Sat Dec 14 14:46:25 2024]
Finished job 37.
28 of 53 steps (53%) done
Select jobs to execute...
Execute 1 jobs...

[Sat Dec 14 14:46:25 2024]
rule convert_hisat:
    input: alignment_reduced/hisat/Liv-03_S40_L005.sam
    output: alignment_reduced/hisat/Liv-03_S40_L005.bam
    jobid: 46
    reason: Missing output files: alignment_reduced/hisat/Liv-03_S40_L005.bam; Input files updated by another job: alignment_reduced/hisat/Liv-03_S40_L005.sam
    wildcards: sample=Liv-03_S40_L005
    threads: 32
    resources: mem_mb=64000, mem_mib=61036, disk_mb=31494, disk_mib=30036, tmpdir=<TBD>, partition=week

samtools view -@ 32 -b alignment_reduced/hisat/Liv-03_S40_L005.sam | samtools sort -@ 32 > alignment_reduced/hisat/Liv-03_S40_L005.bam
Submitted job 46 with external jobid '112473'.
[Sat Dec 14 14:49:01 2024]
Finished job 46.
29 of 53 steps (55%) done
[Sat Dec 14 14:53:40 2024]
Finished job 38.
30 of 53 steps (57%) done
Select jobs to execute...
Execute 1 jobs...

[Sat Dec 14 14:53:40 2024]
rule convert_hisat:
    input: alignment_reduced/hisat/Liv-04_S41_L005.sam
    output: alignment_reduced/hisat/Liv-04_S41_L005.bam
    jobid: 47
    reason: Missing output files: alignment_reduced/hisat/Liv-04_S41_L005.bam; Input files updated by another job: alignment_reduced/hisat/Liv-04_S41_L005.sam
    wildcards: sample=Liv-04_S41_L005
    threads: 32
    resources: mem_mb=64000, mem_mib=61036, disk_mb=33261, disk_mib=31721, tmpdir=<TBD>, partition=week

samtools view -@ 32 -b alignment_reduced/hisat/Liv-04_S41_L005.sam | samtools sort -@ 32 > alignment_reduced/hisat/Liv-04_S41_L005.bam
Submitted job 47 with external jobid '112475'.
[Sat Dec 14 14:55:51 2024]
Finished job 47.
31 of 53 steps (58%) done
[Sat Dec 14 14:59:05 2024]
Finished job 34.
32 of 53 steps (60%) done
Select jobs to execute...
Execute 1 jobs...

[Sat Dec 14 14:59:05 2024]
rule convert_hisat:
    input: alignment_reduced/hisat/Int-04_S45_L005.sam
    output: alignment_reduced/hisat/Int-04_S45_L005.bam
    jobid: 43
    reason: Missing output files: alignment_reduced/hisat/Int-04_S45_L005.bam; Input files updated by another job: alignment_reduced/hisat/Int-04_S45_L005.sam
    wildcards: sample=Int-04_S45_L005
    threads: 32
    resources: mem_mb=64000, mem_mib=61036, disk_mb=44495, disk_mib=42434, tmpdir=<TBD>, partition=week

samtools view -@ 32 -b alignment_reduced/hisat/Int-04_S45_L005.sam | samtools sort -@ 32 > alignment_reduced/hisat/Int-04_S45_L005.bam
Submitted job 43 with external jobid '112476'.
[Sat Dec 14 14:59:10 2024]
Finished job 35.
33 of 53 steps (62%) done
Select jobs to execute...
Execute 1 jobs...

[Sat Dec 14 14:59:10 2024]
rule convert_hisat:
    input: alignment_reduced/hisat/Liv-01_S38_L005.sam
    output: alignment_reduced/hisat/Liv-01_S38_L005.bam
    jobid: 44
    reason: Missing output files: alignment_reduced/hisat/Liv-01_S38_L005.bam; Input files updated by another job: alignment_reduced/hisat/Liv-01_S38_L005.sam
    wildcards: sample=Liv-01_S38_L005
    threads: 32
    resources: mem_mb=64000, mem_mib=61036, disk_mb=45226, disk_mib=43131, tmpdir=<TBD>, partition=week

samtools view -@ 32 -b alignment_reduced/hisat/Liv-01_S38_L005.sam | samtools sort -@ 32 > alignment_reduced/hisat/Liv-01_S38_L005.bam
Submitted job 44 with external jobid '112477'.
[Sat Dec 14 15:01:14 2024]
Finished job 33.
34 of 53 steps (64%) done
Select jobs to execute...
Execute 1 jobs...

[Sat Dec 14 15:01:14 2024]
rule convert_hisat:
    input: alignment_reduced/hisat/Int-03_S44_L005.sam
    output: alignment_reduced/hisat/Int-03_S44_L005.bam
    jobid: 42
    reason: Missing output files: alignment_reduced/hisat/Int-03_S44_L005.bam; Input files updated by another job: alignment_reduced/hisat/Int-03_S44_L005.sam
    wildcards: sample=Int-03_S44_L005
    threads: 32
    resources: mem_mb=64000, mem_mib=61036, disk_mb=41131, disk_mib=39226, tmpdir=<TBD>, partition=week

samtools view -@ 32 -b alignment_reduced/hisat/Int-03_S44_L005.sam | samtools sort -@ 32 > alignment_reduced/hisat/Int-03_S44_L005.bam
Submitted job 42 with external jobid '112478'.
[Sat Dec 14 15:02:01 2024]
Finished job 43.
35 of 53 steps (66%) done
[Sat Dec 14 15:02:06 2024]
Finished job 44.
36 of 53 steps (68%) done
[Sat Dec 14 15:04:22 2024]
Finished job 42.
37 of 53 steps (70%) done
[Sat Dec 14 15:21:45 2024]
Finished job 32.
38 of 53 steps (72%) done
Select jobs to execute...
Execute 1 jobs...

[Sat Dec 14 15:21:45 2024]
rule convert_hisat:
    input: alignment_reduced/hisat/Int-02_S43_L005.sam
    output: alignment_reduced/hisat/Int-02_S43_L005.bam
    jobid: 41
    reason: Missing output files: alignment_reduced/hisat/Int-02_S43_L005.bam; Input files updated by another job: alignment_reduced/hisat/Int-02_S43_L005.sam
    wildcards: sample=Int-02_S43_L005
    threads: 32
    resources: mem_mb=64000, mem_mib=61036, disk_mb=55064, disk_mib=52514, tmpdir=<TBD>, partition=week

samtools view -@ 32 -b alignment_reduced/hisat/Int-02_S43_L005.sam | samtools sort -@ 32 > alignment_reduced/hisat/Int-02_S43_L005.bam
Submitted job 41 with external jobid '112497'.
[Sat Dec 14 15:36:03 2024]
Finished job 41.
39 of 53 steps (74%) done
[Sat Dec 14 17:26:24 2024]
Finished job 36.
40 of 53 steps (75%) done
Select jobs to execute...
Execute 1 jobs...

[Sat Dec 14 17:26:24 2024]
rule convert_hisat:
    input: alignment_reduced/hisat/Liv-02_S39_L005.sam
    output: alignment_reduced/hisat/Liv-02_S39_L005.bam
    jobid: 45
    reason: Missing output files: alignment_reduced/hisat/Liv-02_S39_L005.bam; Input files updated by another job: alignment_reduced/hisat/Liv-02_S39_L005.sam
    wildcards: sample=Liv-02_S39_L005
    threads: 32
    resources: mem_mb=64000, mem_mib=61036, disk_mb=90909, disk_mib=86698, tmpdir=<TBD>, partition=week

samtools view -@ 32 -b alignment_reduced/hisat/Liv-02_S39_L005.sam | samtools sort -@ 32 > alignment_reduced/hisat/Liv-02_S39_L005.bam
Submitted job 45 with external jobid '112538'.
[Sat Dec 14 19:05:40 2024]
Finished job 27.
41 of 53 steps (77%) done
Select jobs to execute...
Execute 1 jobs...

[Sat Dec 14 19:05:40 2024]
rule star_align_second:
    input: alignment_reduced/star/first-pass.final.out, genome_reduced/star, manifest_reduced.tsv, alignment_reduced/star/SJ.out.tab, alignment_reduced/star
    output: alignment_reduced/star/second-pass.final.out
    jobid: 26
    reason: Missing output files: alignment_reduced/star/second-pass.final.out; Input files updated by another job: alignment_reduced/star/SJ.out.tab, alignment_reduced/star, genome_reduced/star, alignment_reduced/star/first-pass.final.out
    threads: 16
    resources: mem_mb=64000, mem_mib=61036, disk_mb=1000, disk_mib=954, tmpdir=<TBD>, partition=week


        STAR             --runThreadN 16             --runMode alignReads             --genomeDir genome_reduced/star             --readFilesManifest manifest_reduced.tsv             --readFilesCommand zcat             --outSAMtype BAM SortedByCoordinate             --outSAMunmapped Within             --outSAMattributes NH HI AS nM RG             --outFileNamePrefix alignment_reduced/star/             --sjdbFileChrStartEnd alignment_reduced/star/SJ.out.tab
        cp alignment_reduced/star/Log.final.out alignment_reduced/star/second-pass.final.out
        
Submitted job 26 with external jobid '112557'.
[Sat Dec 14 20:24:58 2024]
Finished job 45.
42 of 53 steps (79%) done
[Sat Dec 14 21:12:19 2024]
Finished job 30.
43 of 53 steps (81%) done
Select jobs to execute...
Execute 1 jobs...

[Sat Dec 14 21:12:19 2024]
rule convert_hisat:
    input: alignment_reduced/hisat/Int-01_S42_L005.sam
    output: alignment_reduced/hisat/Int-01_S42_L005.bam
    jobid: 40
    reason: Missing output files: alignment_reduced/hisat/Int-01_S42_L005.bam; Input files updated by another job: alignment_reduced/hisat/Int-01_S42_L005.sam
    wildcards: sample=Int-01_S42_L005
    threads: 32
    resources: mem_mb=64000, mem_mib=61036, disk_mb=110714, disk_mib=105586, tmpdir=<TBD>, partition=week

samtools view -@ 32 -b alignment_reduced/hisat/Int-01_S42_L005.sam | samtools sort -@ 32 > alignment_reduced/hisat/Int-01_S42_L005.bam
Submitted job 40 with external jobid '112573'.
[Sat Dec 14 22:47:34 2024]
Finished job 40.
44 of 53 steps (83%) done
Select jobs to execute...
Execute 1 jobs...

[Sat Dec 14 22:47:34 2024]
rule merge_hisat:
    input: alignment_reduced/hisat/Int-01_S42_L005.bam, alignment_reduced/hisat/Int-02_S43_L005.bam, alignment_reduced/hisat/Int-03_S44_L005.bam, alignment_reduced/hisat/Int-04_S45_L005.bam, alignment_reduced/hisat/Liv-01_S38_L005.bam, alignment_reduced/hisat/Liv-02_S39_L005.bam, alignment_reduced/hisat/Liv-03_S40_L005.bam, alignment_reduced/hisat/Liv-04_S41_L005.bam
    output: alignment_reduced/hisat/merged.bam
    jobid: 39
    reason: Missing output files: alignment_reduced/hisat/merged.bam; Input files updated by another job: alignment_reduced/hisat/Int-04_S45_L005.bam, alignment_reduced/hisat/Int-03_S44_L005.bam, alignment_reduced/hisat/Int-02_S43_L005.bam, alignment_reduced/hisat/Liv-01_S38_L005.bam, alignment_reduced/hisat/Liv-03_S40_L005.bam, alignment_reduced/hisat/Int-01_S42_L005.bam, alignment_reduced/hisat/Liv-02_S39_L005.bam, alignment_reduced/hisat/Liv-04_S41_L005.bam
    threads: 32
    resources: mem_mb=64000, mem_mib=61036, disk_mb=39647, disk_mib=37811, tmpdir=<TBD>, partition=week


        samtools merge -@ 32 alignment_reduced/hisat/merged.bam  alignment_reduced/hisat/Int-01_S42_L005.bam alignment_reduced/hisat/Int-02_S43_L005.bam alignment_reduced/hisat/Int-03_S44_L005.bam alignment_reduced/hisat/Int-04_S45_L005.bam alignment_reduced/hisat/Liv-01_S38_L005.bam alignment_reduced/hisat/Liv-02_S39_L005.bam alignment_reduced/hisat/Liv-03_S40_L005.bam alignment_reduced/hisat/Liv-04_S41_L005.bam
        samtools index -@ 32 alignment_reduced/hisat/merged.bam
        
Submitted job 39 with external jobid '112594'.
[Sat Dec 14 23:00:46 2024]
Finished job 39.
45 of 53 steps (85%) done
[Sun Dec 15 01:04:53 2024]
Finished job 26.
46 of 53 steps (87%) done
Select jobs to execute...
Execute 1 jobs...

[Sun Dec 15 01:04:53 2024]
rule flagstat:
    input: alignment_reduced/star/second-pass.final.out, alignment_reduced/star/Aligned.sortedByCoord.out.bam, alignment_reduced/hisat/merged.bam
    output: checkers_reduced/flagstat_completed.done
    jobid: 48
    reason: Missing output files: checkers_reduced/flagstat_completed.done; Input files updated by another job: alignment_reduced/star/Aligned.sortedByCoord.out.bam, alignment_reduced/hisat/merged.bam, alignment_reduced/star/second-pass.final.out
    threads: 32
    resources: mem_mb=64000, mem_mib=61036, disk_mb=66991, disk_mib=63888, tmpdir=<TBD>, partition=week


        samtools flagstat -@ 32 alignment_reduced/star/Aligned.sortedByCoord.out.bam
        samtools flagstat -@ 32 alignment_reduced/hisat/merged.bam
        
Submitted job 48 with external jobid '112599'.
Touching output file checkers_reduced/flagstat_completed.done.
[Sun Dec 15 01:07:03 2024]
Finished job 48.
47 of 53 steps (89%) done
Select jobs to execute...
Execute 2 jobs...

[Sun Dec 15 01:07:03 2024]
rule qualimap:
    input: genome_reduced/annotations.gtf, alignment_reduced/star/Aligned.sortedByCoord.out.bam, alignment_reduced/hisat/merged.bam, checkers_reduced/flagstat_completed.done
    output: qualimap_reduced/star/bam, qualimap_reduced/star/rnaseq, qualimap_reduced/hisat/bam, qualimap_reduced/hisat/rnaseq, qualimap_reduced
    jobid: 49
    reason: Missing output files: qualimap_reduced; Input files updated by another job: alignment_reduced/star/Aligned.sortedByCoord.out.bam, alignment_reduced/hisat/merged.bam, checkers_reduced/flagstat_completed.done, genome_reduced/annotations.gtf
    threads: 32
    resources: mem_mb=64000, mem_mib=61036, disk_mb=67125, disk_mib=64016, tmpdir=<TBD>, partition=week


        qualimap bamqc -nt 32 -outdir qualimap_reduced/star/bam -bam alignment_reduced/star/Aligned.sortedByCoord.out.bam --feature-file genome_reduced/annotations.gtf
        qualimap rnaseq -outdir qualimap_reduced/star/rnaseq -bam alignment_reduced/star/Aligned.sortedByCoord.out.bam -gtf genome_reduced/annotations.gtf
        qualimap bamqc -nt 32 -outdir qualimap_reduced/hisat/bam -bam alignment_reduced/hisat/merged.bam --feature-file genome_reduced/annotations.gtf
        qualimap rnaseq -outdir qualimap_reduced/hisat/rnaseq -bam alignment_reduced/hisat/merged.bam -gtf genome_reduced/annotations.gtf
        
Submitted job 49 with external jobid '112600'.

[Sun Dec 15 01:07:03 2024]
rule mark_duplicates:
    input: checkers_reduced/flagstat_completed.done, alignment_reduced/star/Aligned.sortedByCoord.out.bam, alignment_reduced/hisat/merged.bam
    output: counting_reduced/dedup_reduced/star.bam, counting_reduced/dedup_reduced/hisat.bam, counting_reduced/logs_reduced/star_duplicates, counting_reduced/logs_reduced/hisat_duplicates
    jobid: 51
    reason: Missing output files: counting_reduced/dedup_reduced/star.bam, counting_reduced/dedup_reduced/hisat.bam; Input files updated by another job: alignment_reduced/star/Aligned.sortedByCoord.out.bam, alignment_reduced/hisat/merged.bam, checkers_reduced/flagstat_completed.done
    resources: mem_mb=64000, mem_mib=61036, disk_mb=66991, disk_mib=63888, tmpdir=<TBD>, partition=week


        picard MarkDuplicates -I alignment_reduced/star/Aligned.sortedByCoord.out.bam -M counting_reduced/logs_reduced/star_duplicates -O counting_reduced/dedup_reduced/star.bam -Xmx100g --VALIDATION_STRINGENCY SILENT
        picard MarkDuplicates -I alignment_reduced/hisat/merged.bam -M counting_reduced/logs_reduced/hisat_duplicates -O counting_reduced/dedup_reduced/hisat.bam -Xmx100g --VALIDATION_STRINGENCY SILENT
        
Submitted job 51 with external jobid '112601'.
[Sun Dec 15 01:45:34 2024]
Finished job 49.
48 of 53 steps (91%) done
[Sun Dec 15 03:02:40 2024]
Finished job 51.
49 of 53 steps (92%) done
Select jobs to execute...
Execute 1 jobs...

[Sun Dec 15 03:02:40 2024]
rule count:
    input: genome_reduced/annotations.gtf, counting_reduced/dedup_reduced/star.bam, counting_reduced/dedup_reduced/hisat.bam
    output: counting_reduced/counts_reduced/star_counts.tsv, counting_reduced/counts_reduced/hisat_counts.tsv
    jobid: 50
    reason: Missing output files: counting_reduced/counts_reduced/star_counts.tsv, counting_reduced/counts_reduced/hisat_counts.tsv; Input files updated by another job: counting_reduced/dedup_reduced/star.bam, counting_reduced/dedup_reduced/hisat.bam, genome_reduced/annotations.gtf
    threads: 32
    resources: mem_mb=64000, mem_mib=61036, disk_mb=69664, disk_mib=66437, tmpdir=<TBD>, partition=week


        featureCounts -T 32         counting_reduced/dedup_reduced/star.bam         -T 32         -p         --byReadGroup         -s 1         --ignoreDup         -M         --fraction         -a genome_reduced/annotations.gtf         -o counting_reduced/counts_reduced/star_counts.tsv         --verbose

        featureCounts -T 32         counting_reduced/dedup_reduced/hisat.bam         -T 32         -p         --byReadGroup         -s 1         --ignoreDup         -M         --fraction         -a genome_reduced/annotations.gtf         -o counting_reduced/counts_reduced/hisat_counts.tsv         --verbose
        
Submitted job 50 with external jobid '112604'.
[Sun Dec 15 03:03:50 2024]
Finished job 50.
50 of 53 steps (94%) done
Select jobs to execute...
Execute 2 jobs...

[Sun Dec 15 03:03:50 2024]
rule report:
    input: fastq_reduced/qc/Int-01_S42_L005_R1_001_fastqc.html, fastq_reduced/qc/Int-02_S43_L005_R1_001_fastqc.html, fastq_reduced/qc/Int-03_S44_L005_R1_001_fastqc.html, fastq_reduced/qc/Int-04_S45_L005_R1_001_fastqc.html, fastq_reduced/qc/Liv-01_S38_L005_R1_001_fastqc.html, fastq_reduced/qc/Liv-02_S39_L005_R1_001_fastqc.html, fastq_reduced/qc/Liv-03_S40_L005_R1_001_fastqc.html, fastq_reduced/qc/Liv-04_S41_L005_R1_001_fastqc.html, trimmed_reduced/qc/Int-01_S42_L005_R1_001_fastqc.html, trimmed_reduced/qc/Int-02_S43_L005_R1_001_fastqc.html, trimmed_reduced/qc/Int-03_S44_L005_R1_001_fastqc.html, trimmed_reduced/qc/Int-04_S45_L005_R1_001_fastqc.html, trimmed_reduced/qc/Liv-01_S38_L005_R1_001_fastqc.html, trimmed_reduced/qc/Liv-02_S39_L005_R1_001_fastqc.html, trimmed_reduced/qc/Liv-03_S40_L005_R1_001_fastqc.html, trimmed_reduced/qc/Liv-04_S41_L005_R1_001_fastqc.html, fastq_reduced/qc/Int-01_S42_L005_R2_001_fastqc.html, fastq_reduced/qc/Int-02_S43_L005_R2_001_fastqc.html, fastq_reduced/qc/Int-03_S44_L005_R2_001_fastqc.html, fastq_reduced/qc/Int-04_S45_L005_R2_001_fastqc.html, fastq_reduced/qc/Liv-01_S38_L005_R2_001_fastqc.html, fastq_reduced/qc/Liv-02_S39_L005_R2_001_fastqc.html, fastq_reduced/qc/Liv-03_S40_L005_R2_001_fastqc.html, fastq_reduced/qc/Liv-04_S41_L005_R2_001_fastqc.html, trimmed_reduced/qc/Int-01_S42_L005_R2_001_fastqc.html, trimmed_reduced/qc/Int-02_S43_L005_R2_001_fastqc.html, trimmed_reduced/qc/Int-03_S44_L005_R2_001_fastqc.html, trimmed_reduced/qc/Int-04_S45_L005_R2_001_fastqc.html, trimmed_reduced/qc/Liv-01_S38_L005_R2_001_fastqc.html, trimmed_reduced/qc/Liv-02_S39_L005_R2_001_fastqc.html, trimmed_reduced/qc/Liv-03_S40_L005_R2_001_fastqc.html, trimmed_reduced/qc/Liv-04_S41_L005_R2_001_fastqc.html, alignment_reduced/star/second-pass.final.out, alignment_reduced/hisat/Int-01_S42_L005.sam, alignment_reduced/hisat/Int-02_S43_L005.sam, alignment_reduced/hisat/Int-03_S44_L005.sam, alignment_reduced/hisat/Int-04_S45_L005.sam, alignment_reduced/hisat/Liv-01_S38_L005.sam, alignment_reduced/hisat/Liv-02_S39_L005.sam, alignment_reduced/hisat/Liv-03_S40_L005.sam, alignment_reduced/hisat/Liv-04_S41_L005.sam, alignment_reduced/hisat/merged.bam, checkers_reduced/flagstat_completed.done, qualimap_reduced, counting_reduced/counts_reduced/star_counts.tsv, counting_reduced/counts_reduced/hisat_counts.tsv
    output: reports_reduced/multiqc_report.html
    jobid: 1
    reason: Missing output files: reports_reduced/multiqc_report.html; Input files updated by another job: counting_reduced/counts_reduced/hisat_counts.tsv, qualimap_reduced, trimmed_reduced/qc/Int-01_S42_L005_R1_001_fastqc.html, trimmed_reduced/qc/Int-03_S44_L005_R2_001_fastqc.html, fastq_reduced/qc/Liv-03_S40_L005_R1_001_fastqc.html, fastq_reduced/qc/Int-04_S45_L005_R1_001_fastqc.html, alignment_reduced/star/second-pass.final.out, fastq_reduced/qc/Liv-02_S39_L005_R1_001_fastqc.html, fastq_reduced/qc/Liv-04_S41_L005_R2_001_fastqc.html, fastq_reduced/qc/Liv-01_S38_L005_R2_001_fastqc.html, alignment_reduced/hisat/Int-01_S42_L005.sam, trimmed_reduced/qc/Int-04_S45_L005_R1_001_fastqc.html, alignment_reduced/hisat/merged.bam, checkers_reduced/flagstat_completed.done, fastq_reduced/qc/Liv-02_S39_L005_R2_001_fastqc.html, fastq_reduced/qc/Int-02_S43_L005_R2_001_fastqc.html, trimmed_reduced/qc/Liv-02_S39_L005_R2_001_fastqc.html, trimmed_reduced/qc/Int-02_S43_L005_R2_001_fastqc.html, fastq_reduced/qc/Int-01_S42_L005_R1_001_fastqc.html, trimmed_reduced/qc/Liv-03_S40_L005_R2_001_fastqc.html, fastq_reduced/qc/Int-03_S44_L005_R1_001_fastqc.html, fastq_reduced/qc/Liv-01_S38_L005_R1_001_fastqc.html, trimmed_reduced/qc/Int-03_S44_L005_R1_001_fastqc.html, trimmed_reduced/qc/Liv-02_S39_L005_R1_001_fastqc.html, trimmed_reduced/qc/Liv-04_S41_L005_R2_001_fastqc.html, fastq_reduced/qc/Int-01_S42_L005_R2_001_fastqc.html, trimmed_reduced/qc/Int-01_S42_L005_R2_001_fastqc.html, trimmed_reduced/qc/Liv-01_S38_L005_R1_001_fastqc.html, fastq_reduced/qc/Int-04_S45_L005_R2_001_fastqc.html, alignment_reduced/hisat/Liv-01_S38_L005.sam, alignment_reduced/hisat/Liv-04_S41_L005.sam, counting_reduced/counts_reduced/star_counts.tsv, trimmed_reduced/qc/Int-02_S43_L005_R1_001_fastqc.html, trimmed_reduced/qc/Liv-01_S38_L005_R2_001_fastqc.html, trimmed_reduced/qc/Liv-03_S40_L005_R1_001_fastqc.html, fastq_reduced/qc/Liv-03_S40_L005_R2_001_fastqc.html, trimmed_reduced/qc/Int-04_S45_L005_R2_001_fastqc.html, alignment_reduced/hisat/Int-02_S43_L005.sam, alignment_reduced/hisat/Int-04_S45_L005.sam, fastq_reduced/qc/Int-02_S43_L005_R1_001_fastqc.html, alignment_reduced/hisat/Liv-03_S40_L005.sam, trimmed_reduced/qc/Liv-04_S41_L005_R1_001_fastqc.html, alignment_reduced/hisat/Liv-02_S39_L005.sam, fastq_reduced/qc/Liv-04_S41_L005_R1_001_fastqc.html, alignment_reduced/hisat/Int-03_S44_L005.sam, fastq_reduced/qc/Int-03_S44_L005_R2_001_fastqc.html
    resources: mem_mb=64000, mem_mib=61036, disk_mb=491621, disk_mib=468847, tmpdir=<TBD>, partition=week

multiqc --force -d fastq_reduced/qc trimmed_reduced/qc alignment_reduced/star/ alignment_reduced/hisat/ qualimap_reduced counting_reduced/counts_reduced/ -n reports_reduced/multiqc_report.html
Submitted job 1 with external jobid '112605'.

[Sun Dec 15 03:03:50 2024]
rule diffexp:
    input: counting_reduced/counts_reduced/star_counts.tsv, counting_reduced/counts_reduced/hisat_counts.tsv, diffexp_reduced.R
    output: count_matrices_reduced, plots_reduced
    jobid: 52
    reason: Missing output files: plots_reduced, count_matrices_reduced; Input files updated by another job: counting_reduced/counts_reduced/star_counts.tsv, counting_reduced/counts_reduced/hisat_counts.tsv
    resources: mem_mb=64000, mem_mib=61036, disk_mb=1000, disk_mib=954, tmpdir=<TBD>, partition=week


        mkdir -p count_matrices_reduced
        mkdir -p plots_reduced
        Rscript diffexp_reduced.R
        
Submitted job 52 with external jobid '112606'.
[Sun Dec 15 03:04:55 2024]
Finished job 1.
51 of 53 steps (96%) done
[Sun Dec 15 03:04:56 2024]
Finished job 52.
52 of 53 steps (98%) done
Select jobs to execute...
Execute 1 jobs...

[Sun Dec 15 03:04:56 2024]
localrule all:
    input: reports_reduced/multiqc_report.html, count_matrices_reduced, plots_reduced
    jobid: 0
    reason: Input files updated by another job: reports_reduced/multiqc_report.html, plots_reduced, count_matrices_reduced
    resources: mem_mb=64000, mem_mib=61036, disk_mb=1000, disk_mib=954, tmpdir=/tmp, partition=week

[Sun Dec 15 03:04:56 2024]
Finished job 0.
53 of 53 steps (100%) done
Complete log: .snakemake/log/2024-12-14T141144.010094.snakemake.log
